jquery-3.0.0.js:9244 [Deprecation] Synchronous XMLHttpRequest on the main thread is deprecated because of its detrimental effects to the end user's experience. For more help, check https://xhr.spec.whatwg.org/.
send @ jquery-3.0.0.js:9244
ajax @ jquery-3.0.0.js:8962
famous @ wx.js:76
action @ wx.js:107
(anonymous) @ wx.js:197
EventImpl.dispatchToListener @ extensions::event_bindings:403
publicClassPrototype.(anonymous function) @ extensions::utils:138
EventImpl.dispatch_ @ extensions::event_bindings:387
dispatchArgs @ extensions::event_bindings:260
dispatchEvent @ extensions::event_bindings:269
wx.js:83 131782
wx.js:83 26430
wx.js:83 253
wx.js:83 1
wx.js:206 {"url":"http://wallstreetcn.com","neiwai":[28,48,76,0.3684210526315789,7,2]}
wx.js:206 {"url":"http://www.house365.com","neiwai":[18,0,18,1,1,0]}
wx.js:83 4506
wx.js:83 undefined
wx.js:83 300966
wx.js:83 253
wx.js:206 {"url":"http://www.tuniu.com","neiwai":[2,195,197,0.01015228426395939,6,3]}
wx.js:83 undefined
wx.js:206 {"url":"http://www.house365.com","neiwai":[18,0,18,1,2,1]}
wx.js:83 3192
wx.js:83 199903
wx.js:83 87885
wx.js:206 {"url":"http://www.winshang.com","neiwai":[207,5,212,0.9764150943396226,5,3]}
wx.js:83 3564
wx.js:206 {"url":"http://www.10010.com","neiwai":[2,0,2,1,1,1]}
wx.js:83 600739
wx.js:83 3564
wx.js:83 3192
wx.js:206 {"url":"http://www.10010.com","neiwai":[146,0,146,1,4,3]}
wx.js:83 3564
wx.js:83 3192
wx.js:206 {"url":"http://www.10010.com","neiwai":[2,0,2,1,2,2]}
wx.js:83 600739
wx.js:83 4
wx.js:83 3564
wx.js:206 {"url":"http://www.10010.com","neiwai":[185,0,185,1,4,2]}
wx.js:83 12572
wx.js:83 319398
wx.js:206 {"url":"http://www.evolife.cn","neiwai":[99,12,111,0.8918918918918919,6,2]}
wx.js:83 18623
wx.js:206 {"url":"http://www.qunar.com","neiwai":[57,82,139,0.41007194244604317,3,1]}
wx.js:83 21781
wx.js:83 382
wx.js:83 1261
wx.js:206 {"url":"http://www.xiaomi.cn","neiwai":[16,51,67,0.23880597014925373,6,2]}
wx.js:83 87885
wx.js:83 16214
wx.js:83 3161
wx.js:206 {"url":"http://www.xiachufang.com","neiwai":[2,68,70,0.02857142857142857,7,3]}
wx.js:83 3131
wx.js:206 {"url":"http://www.csair.com","neiwai":[1,0,1,1,1,1]}
wx.js:83 26430
wx.js:83 19138
wx.js:83 4
wx.js:83 253
wx.js:206 {"url":"http://www.csair.com","neiwai":[29,0,29,1,5,2]}
wx.js:206 {"url":"http://www.gongchang.com","neiwai":[3,118,121,0.024793388429752067,4,0]}
wx.js:83 87885
wx.js:83 undefined
wx.js:83 undefined
wx.js:83 11599
wx.js:206 {"url":"http://www.dxy.cn","neiwai":[20,125,145,0.13793103448275862,7,4]}
wx.js:83 3980
wx.js:83 87885
wx.js:83 253
wx.js:83 1
wx.js:83 8343
wx.js:83 26430
wx.js:206 {"url":"http://cloud.tencent.com","neiwai":[11,158,169,0.0650887573964497,9,4]}
wx.js:83 3269
wx.js:83 3269
wx.js:83 26019
wx.js:83 3269
wx.js:83 3269
wx.js:83 3269
wx.js:206 {"url":"http://www.weiyun.com","neiwai":[6,39,45,0.13333333333333333,9,6]}
wx.js:206 {"url":"http://www.ccb.com","neiwai":[0,0,0,null,0,0]}
wx.js:83 7
wx.js:206 {"url":"http://www.ccb.com","neiwai":[218,0,218,1,2,0]}
wx.js:83 4
wx.js:83 26430
wx.js:83 319398
wx.js:83 933
wx.js:83 3269
wx.js:206 {"url":"http://www.chengdu.cn","neiwai":[38,32,70,0.5428571428571428,8,3]}
wx.js:83 580
wx.js:83 41789
wx.js:83 95048
wx.js:83 3899641
wx.js:83 22
wx.js:83 12572
wx.js:206 {"url":"http://www.qichacha.com","neiwai":[70,5,75,0.9333333333333333,9,4]}
wx.js:83 4
wx.js:206 {"url":"http://www.ems.com.cn","neiwai":[29,1,30,0.9666666666666667,2,0]}
wx.js:206 {"url":"http://www.banma.com","neiwai":[114,2,116,0.9827586206896551,2,0]}
wx.js:83 3494
wx.js:83 232962
wx.js:83 131782
wx.js:83 12572
wx.js:83 23116
wx.js:206 {"url":"http://www.youzan.com","neiwai":[2,85,87,0.022988505747126436,7,5]}
wx.js:83 4
wx.js:83 undefined
wx.js:206 {"url":"http://www.zju.edu.cn","neiwai":[63,1,64,0.984375,3,1]}
wx.js:83 4549
wx.js:206 {"url":"http://www.10086.cn","neiwai":[1,0,1,1,1,1]}
wx.js:206 {"url":"http://www.10086.cn","neiwai":[123,0,123,1,1,0]}
wx.js:83 2043045
wx.js:83 3549
wx.js:206 {"url":"http://www.189.cn","neiwai":[1,0,1,1,2,2]}
wx.js:83 21781
wx.js:206 {"url":"http://www.189.cn","neiwai":[50,3,53,0.9433962264150944,3,1]}
wx.js:83 42852
wx.js:83 4
wx.js:206 {"url":"http://en.yiwugo.com","neiwai":[8,81,89,0.0898876404494382,4,1]}
wx.js:83 250945
wx.js:83 21781
wx.js:83 198
wx.js:83 87885
wx.js:83 4
wx.js:83 253
wx.js:83 975807
wx.js:83 114
wx.js:206 {"url":"http://www.52pk.com","neiwai":[137,3,140,0.9785714285714285,9,4]}
wx.js:206 {"url":"http://www.dv37.com","neiwai":[187,11,198,0.9444444444444444,3,0]}
wx.js:83 197807
wx.js:83 16214
wx.js:83 1866
wx.js:83 189
wx.js:83 163
wx.js:83 undefined
wx.js:83 319398
wx.js:206 {"url":"http://www.dapenti.com","neiwai":[4,72,76,0.05263157894736842,16,5]}
wx.js:206 {"url":"http://www.win007.com","neiwai":[37,2,39,0.9487179487179487,2,0]}
wx.js:83 undefined
wx.js:206 {"url":"http://www.chinanews.com","neiwai":[116,61,177,0.655367231638418,7,1]}
wx.js:83 731
wx.js:206 {"url":"http://www.vvvdj.com","neiwai":[161,6,167,0.9640718562874252,3,0]}
wx.js:83 undefined
wx.js:83 21781
wx.js:83 undefined
wx.js:206 {"url":"http://www.dayoo.com","neiwai":[81,9,90,0.9,6,3]}
wx.js:83 731
wx.js:83 4
wx.js:83 580
wx.js:206 {"url":"http://www.amap.com","neiwai":[21,0,21,1,4,0]}
wx.js:83 12374
wx.js:83 3860525
wx.js:83 undefined
wx.js:83 108517
wx.js:206 {"url":"http://www.kuaidi100.com","neiwai":[40,40,80,0.5,8,4]}
wx.js:83 87885
wx.js:83 253
wx.js:206 {"url":"http://www.xueqiu.com","neiwai":[3,25,28,0.10714285714285714,6,1]}
wx.js:83 87885
wx.js:83 253
wx.js:83 1
wx.js:206 {"url":"http://www.lagou.com","neiwai":[12,54,66,0.18181818181818182,6,1]}
wx.js:206 {"url":"http://www.ebrun.com","neiwai":[0,0,0,null,0,0]}
wx.js:83 131782
wx.js:83 23116
wx.js:83 319398
wx.js:206 {"url":"http://www.ebrun.com","neiwai":[144,13,157,0.9171974522292994,7,3]}
wx.js:83 3632
wx.js:206 {"url":"http://www.dingtalk.com","neiwai":[1,79,80,0.0125,5,1]}
wx.js:206 {"url":"http://www.cheaa.com","neiwai":[188,36,224,0.8392857142857143,3,0]}
wx.js:83 253
wx.js:83 1
wx.js:206 {"url":"http://tower.im","neiwai":[19,5,24,0.7916666666666666,5,0]}
wx.js:83 580
wx.js:206 {"url":"http://www.258.com","neiwai":[283,34,317,0.8927444794952681,7,0]}
wx.js:83 149710
wx.js:206 {"url":"http://login.alibaba-inc.com","neiwai":[9,14,23,0.391304347826087,5,1]}
wx.js:206 {"url":"http://www.iweihai.cn","neiwai":[70,17,87,0.8045977011494253,3,0]}
wx.js:206 {"url":"http://www.liqu.com","neiwai":[72,7,79,0.9113924050632911,4,0]}
wx.js:83 16214
wx.js:83 19
wx.js:83 1866
wx.js:206 {"url":"http://www.liaoxuefeng.com","neiwai":[27,13,40,0.675,6,2]}
wx.js:83 30585
wx.js:83 undefined
wx.js:83 87885
wx.js:206 {"url":"http://www.iliangcang.com","neiwai":[88,30,118,0.7457627118644068,6,3]}
wx.js:83 undefined
wx.js:206 {"url":"http://www.kongfz.com","neiwai":[56,21,77,0.7272727272727273,4,1]}
wx.js:83 178935
wx.js:206 {"url":"http://www.11467.com","neiwai":[23,14,37,0.6216216216216216,4,1]}
wx.js:83 7
wx.js:83 30798
wx.js:83 7651
wx.js:83 undefined
wx.js:83 12523753
wx.js:83 319398
wx.js:206 {"url":"http://www.babyschool.com.cn","neiwai":[101,27,128,0.7890625,11,5]}
wx.js:83 4127
wx.js:83 189
wx.js:206 {"url":"http://www.morningpost.com.cn","neiwai":[59,1,60,0.9833333333333333,3,1]}
wx.js:83 5692702
wx.js:83 111232
wx.js:83 87885
wx.js:83 39311
wx.js:83 783786
wx.js:83 2620043
wx.js:83 11827
wx.js:83 42852
wx.js:83 19138
wx.js:83 253
wx.js:83 28
wx.js:206 {"url":"http://www.acs.org","neiwai":[46,27,73,0.6301369863013698,16,9]}
wx.js:83 5692702
wx.js:83 111232
wx.js:83 87885
wx.js:83 783786
wx.js:206 {"url":"http://www.acs.org","neiwai":[36,16,52,0.6923076923076923,8,4]}
wx.js:206 {"url":"http://www.vip.com","neiwai":[6,38,44,0.13636363636363635,6,0]}
wx.js:83 87885
wx.js:83 217891
wx.js:83 29568
wx.js:83 775
wx.js:206 {"url":"http://www.lenovo.com.cn","neiwai":[13,104,117,0.1111111111111111,6,3]}
wx.js:83 21781
wx.js:83 4
wx.js:83 87885
wx.js:206 {"url":"http://www.uc.cn","neiwai":[38,2,40,0.95,4,2]}
wx.js:83 11774
wx.js:83 327
wx.js:83 17801
wx.js:83 48418
wx.js:83 117659
wx.js:83 46
wx.js:83 19138
wx.js:83 33050
wx.js:83 4452824
wx.js:83 13195512
wx.js:83 191995
wx.js:83 undefined
wx.js:83 67075
wx.js:83 38918
wx.js:206 {"url":"http://www.ibm.com","neiwai":[42,79,121,0.34710743801652894,24,12]}
wx.js:83 undefined
wx.js:83 783786
wx.js:206 {"url":"http://www.netease.com","neiwai":[3,37,40,0.075,4,2]}
wx.js:83 234698
wx.js:83 87885
wx.js:83 253
wx.js:83 undefined
wx.js:83 4
wx.js:206 {"url":"http://www.huijiwiki.com","neiwai":[45,34,79,0.569620253164557,7,3]}
wx.js:83 1750764
wx.js:83 3899641
wx.js:83 22
wx.js:206 {"url":"http://www.ctoutiao.com","neiwai":[95,36,131,0.7251908396946565,9,2]}
wx.js:83 26430
wx.js:83 87885
wx.js:83 402436
wx.js:83 253
wx.js:206 {"url":"http://www.pinduoduo.com","neiwai":[47,31,78,0.6025641025641025,6,3]}
wx.js:83 1561578
wx.js:83 8
wx.js:206 {"url":"http://m.9384.com","neiwai":[27,6,33,0.8181818181818182,4,1]}
wx.js:83 253
wx.js:83 26430
wx.js:83 111
wx.js:206 {"url":"http://www.koolearn.com","neiwai":[142,26,168,0.8452380952380952,11,1]}
wx.js:206 {"url":"http://www.sanguosha.com","neiwai":[89,0,89,1,1,0]}
wx.js:83 7
wx.js:83 111
wx.js:83 48080
wx.js:206 {"url":"http://www.jia400.com","neiwai":[227,6,233,0.9742489270386266,6,1]}
wx.js:83 4226
wx.js:83 undefined
wx.js:83 22
wx.js:206 {"url":"http://bj.ganji.com","neiwai":[1,58,59,0.01694915254237288,5,2]}
wx.js:83 319398
wx.js:83 163
wx.js:83 5307
wx.js:206 {"url":"http://www.fliggy.com","neiwai":[7,70,77,0.09090909090909091,6,2]}
wx.js:83 4
wx.js:206 {"url":"http://www.9game.cn","neiwai":[5,17,22,0.22727272727272727,4,0]}
wx.js:83 12572
wx.js:83 26430
wx.js:83 87885
wx.js:206 {"url":"http://www.hc360.com","neiwai":[703,31,734,0.9577656675749319,7,3]}
wx.js:83 1040
wx.js:206 {"url":"http://www.stockstar.com","neiwai":[42,21,63,0.6666666666666666,5,1]}
wx.js:83 26430
wx.js:83 87885
wx.js:206 {"url":"http://www.flyertea.com","neiwai":[10,65,75,0.13333333333333333,7,2]}
wx.js:83 4
wx.js:206 {"url":"http://mebook.cc","neiwai":[13,16,29,0.4482758620689655,5,0]}
wx.js:206 {"url":"http://www.ule.com","neiwai":[7,149,156,0.04487179487179487,3,0]}
wx.js:83 4
wx.js:83 511284
wx.js:83 87885
wx.js:83 1
wx.js:83 16214
wx.js:206 {"url":"http://dict.cn","neiwai":[0,30,30,0,8,3]}
wx.js:206 {"url":"http://www.cntv.cn","neiwai":[0,0,0,null,0,0]}
wx.js:83 1381510
wx.js:206 {"url":"http://www.cctv.com","neiwai":[5,142,147,0.034013605442176874,5,1]}
wx.js:83 4
wx.js:83 undefined
wx.js:206 {"url":"http://www.right.com.cn","neiwai":[1,0,1,1,2,1]}
wx.js:206 {"url":"http://cn.china.cn","neiwai":[163,10,173,0.9421965317919075,3,0]}
wx.js:83 319398
wx.js:83 4250
wx.js:206 {"url":"http://www.iconfont.cn","neiwai":[1,18,19,0.05263157894736842,4,2]}
wx.js:206 {"url":"http://www.51credit.com","neiwai":[68,3,71,0.9577464788732394,2,0]}
wx.js:206 {"url":"http://www.tsinghua.edu.cn","neiwai":[0,0,0,null,0,0]}
wx.js:83 4
wx.js:206 {"url":"http://www.tsinghua.edu.cn","neiwai":[51,1,52,0.9807692307692307,2,0]}
wx.js:83 5951
wx.js:83 16214
wx.js:83 87885
wx.js:83 4
wx.js:83 253
wx.js:83 1
wx.js:206 {"url":"http://www.appinn.com","neiwai":[83,3,86,0.9651162790697675,7,3]}
wx.js:83 undefined
wx.js:83 87885
wx.js:83 12572
wx.js:83 4
wx.js:83 253
wx.js:83 1
wx.js:206 {"url":"http://www.taptap.com","neiwai":[3,97,100,0.03,8,3]}
wx.js:83 4
wx.js:206 {"url":"http://www.kuwo.cn","neiwai":[55,1,56,0.9821428571428571,2,0]}
wx.js:83 250945
wx.js:206 {"url":"http://www.jiayuan.com","neiwai":[30,76,106,0.2830188679245283,3,1]}
wx.js:206 {"url":"http://www.feiren.com","neiwai":[67,6,73,0.9178082191780822,3,0]}
wx.js:83 4
wx.js:83 75935
wx.js:83 10294
wx.js:206 {"url":"http://www.zxxk.com","neiwai":[137,1,138,0.9927536231884058,4,2]}
wx.js:83 4
wx.js:83 253
wx.js:83 1
wx.js:206 {"url":"http://juejin.im","neiwai":[7,37,44,0.1590909090909091,7,0]}
wx.js:83 580
wx.js:206 {"url":"http://www.cifnews.com","neiwai":[91,26,117,0.7777777777777778,6,0]}
wx.js:83 4
wx.js:206 {"url":"http://www.linkhaitao.com","neiwai":[61,1,62,0.9838709677419355,2,0]}
wx.js:83 undefined
wx.js:83 undefined
wx.js:83 253
wx.js:83 2029
wx.js:206 {"url":"http://gaoqing.la","neiwai":[12,117,129,0.09302325581395349,14,3]}
wx.js:83 87885
wx.js:83 26019
wx.js:206 {"url":"http://www.tmtpost.com","neiwai":[85,8,93,0.9139784946236559,5,2]}
wx.js:83 undefined
wx.js:206 {"url":"http://www.icbc.com.cn","neiwai":[1,0,1,1,1,1]}
wx.js:206 {"url":"http://www.icbc.com.cn","neiwai":[210,0,210,1,1,0]}
wx.js:83 undefined
wx.js:83 4
wx.js:83 87885
wx.js:206 {"url":"http://nanjing.baixing.com","neiwai":[6,55,61,0.09836065573770492,5,2]}
wx.js:83 4
wx.js:206 {"url":"http://www.kanzhun.com","neiwai":[61,1,62,0.9838709677419355,2,0]}
wx.js:206 {"url":"http://worktile.com","neiwai":[55,8,63,0.873015873015873,3,0]}
wx.js:83 21781
wx.js:83 41789
wx.js:83 87885
wx.js:206 {"url":"http://www.duomai.com","neiwai":[99,6,105,0.9428571428571428,5,3]}
wx.js:206 {"url":"http://nj.nuomi.com","neiwai":[6,53,59,0.1016949152542373,3,0]}
wx.js:83 87885
wx.js:83 4
wx.js:206 {"url":"http://www.juzimi.com","neiwai":[131,5,136,0.9632352941176471,4,1]}
wx.js:83 undefined
wx.js:206 {"url":"http://www.fengniao.com","neiwai":[85,116,201,0.4228855721393035,4,1]}
wx.js:83 4773
wx.js:206 {"url":"http://www.zdfans.com","neiwai":[231,5,236,0.9788135593220338,4,1]}
wx.js:83 undefined
wx.js:206 {"url":"http://www.home77.com","neiwai":[6,1,7,0.8571428571428571,2,1]}
wx.js:83 undefined
wx.js:83 undefined
wx.js:83 4
wx.js:206 {"url":"http://www.findlaw.cn","neiwai":[9,167,176,0.05113636363636364,5,2]}
wx.js:83 4845
wx.js:83 319398
wx.js:83 4036
wx.js:83 163
wx.js:83 5307
wx.js:206 {"url":"http://www.alitrip.com","neiwai":[2,69,71,0.028169014084507043,7,4]}
wx.js:83 4
wx.js:83 41789
wx.js:206 {"url":"http://www.eqxiu.com","neiwai":[9,37,46,0.1956521739130435,4,1]}
wx.js:83 3583607
wx.js:83 319398
wx.js:83 4
wx.js:206 {"url":"http://www.gao7.com","neiwai":[76,13,89,0.8539325842696629,5,2]}
wx.js:83 21781
wx.js:83 4
wx.js:83 319398
wx.js:206 {"url":"http://www.chaduo.com","neiwai":[341,7,348,0.9798850574712644,6,2]}
wx.js:83 4
wx.js:206 {"url":"http://www.dianxiaomi.com","neiwai":[66,3,69,0.9565217391304348,3,0]}
wx.js:83 41789
wx.js:83 319398
wx.js:206 {"url":"http://www.china.com","neiwai":[57,172,229,0.24890829694323144,10,2]}
wx.js:83 19
wx.js:83 19038
wx.js:83 580
wx.js:83 4
wx.js:83 87885
wx.js:83 253
wx.js:206 {"url":"http://www.uisdc.com","neiwai":[111,27,138,0.8043478260869565,9,2]}
wx.js:83 394176
wx.js:83 undefined
wx.js:83 319398
wx.js:83 8
wx.js:206 {"url":"http://www.huim.com","neiwai":[57,8,65,0.8769230769230769,8,3]}
wx.js:206 {"url":"http://www.jiemian.com","neiwai":[80,12,92,0.8695652173913043,4,0]}
wx.js:83 5169
wx.js:206 {"url":"http://www.weidian.com","neiwai":[1,4,5,0.2,2,1]}
wx.js:83 1
wx.js:83 4
wx.js:83 319398
wx.js:83 337030
wx.js:83 8
wx.js:83 616
wx.js:83 154044
wx.js:83 16073240
wx.js:83 1739006
wx.js:83 19269384
wx.js:83 undefined
wx.js:83 207354
wx.js:83 79614
wx.js:83 2161
wx.js:206 {"url":"http://www.zuanke8.com","neiwai":[35,60,95,0.3684210526315789,20,10]}
wx.js:83 4
wx.js:206 {"url":"http://www.66law.cn","neiwai":[114,1,115,0.991304347826087,2,0]}
wx.js:83 undefined
wx.js:206 {"url":"http://www.eee114.com","neiwai":[74,11,85,0.8705882352941177,5,1]}
wx.js:83 604283
wx.js:206 {"url":"http://www.news18a.com","neiwai":[97,7,104,0.9326923076923077,4,1]}
wx.js:83 1115415
wx.js:206 {"url":"http://www.oneplusbbs.com","neiwai":[26,33,59,0.4406779661016949,5,1]}
wx.js:206 {"url":"http://www.sdo.com","neiwai":[74,3,77,0.961038961038961,2,0]}
wx.js:83 4
wx.js:83 87885
wx.js:83 253
wx.js:206 {"url":"http://cli.im","neiwai":[4,40,44,0.09090909090909091,5,1]}
wx.js:206 {"url":"http://xiumi.us","neiwai":[10,0,10,1,1,0]}
wx.js:206 {"url":"http://xiumi.us","neiwai":[0,0,0,null,0,0]}
wx.js:83 1589395
wx.js:83 4
wx.js:83 604283
wx.js:206 {"url":"http://tz.bitauto.com","neiwai":[19,295,314,0.06050955414012739,12,2]}
wx.js:206 {"url":"http://www.jdpay.com","neiwai":[0,0,0,null,0,0]}
wx.js:206 {"url":"http://www.jdpay.com","neiwai":[0,38,38,0,2,0]}
wx.js:83 132659
wx.js:83 199583
wx.js:83 15
wx.js:83 undefined
wx.js:83 253
wx.js:83 1589395
wx.js:83 604283
wx.js:83 undefined
wx.js:206 {"url":"http://www.pcauto.com.cn","neiwai":[155,12,167,0.9281437125748503,12,6]}
wx.js:206 {"url":"http://www.ucas.ac.cn","neiwai":[60,2,62,0.967741935483871,2,0]}
wx.js:206 {"url":"http://www.techweb.com.cn","neiwai":[90,10,100,0.9,4,0]}
wx.js:83 4
wx.js:83 434441
wx.js:206 {"url":"http://699pic.com","neiwai":[53,0,53,1,3,1]}
wx.js:83 5951
wx.js:206 {"url":"http://www.91jm.com","neiwai":[123,15,138,0.8913043478260869,6,1]}
wx.js:83 12572
wx.js:206 {"url":"http://www.d1ev.com","neiwai":[43,72,115,0.3739130434782609,5,1]}
wx.js:83 319398
wx.js:83 4
wx.js:206 {"url":"http://www.2cto.com","neiwai":[61,7,68,0.8970588235294118,4,1]}
wx.js:83 87885
wx.js:83 4
wx.js:206 {"url":"http://www.chinaunix.net","neiwai":[10,13,23,0.43478260869565216,5,1]}
wx.js:206 {"url":"http://www.whu.edu.cn","neiwai":[45,0,45,1,1,0]}
wx.js:83 50007
wx.js:83 4
wx.js:206 {"url":"http://www.book118.com","neiwai":[21,1,22,0.9545454545454546,3,1]}
wx.js:83 95048
wx.js:83 3899641
wx.js:83 22
wx.js:83 12572
wx.js:206 {"url":"http://www.19lou.com","neiwai":[5,98,103,0.04854368932038835,7,3]}
wx.js:206 {"url":"http://www.fangdd.com","neiwai":[15,0,15,1,1,0]}
wx.js:83 12572
wx.js:83 3860525
wx.js:83 437312
wx.js:83 144
wx.js:83 15
wx.js:83 48418
wx.js:83 439797
wx.js:206 {"url":"http://www.9ku.com","neiwai":[27,53,80,0.3375,13,5]}
wx.js:206 {"url":"http://www.wechat.com","neiwai":[0,0,0,null,0,0]}
wx.js:206 {"url":"http://www.wechat.com","neiwai":[0,13,13,0,1,0]}
wx.js:83 14408
wx.js:206 {"url":"http://www.meizu.com","neiwai":[51,5,56,0.9107142857142857,4,1]}
wx.js:83 1866
wx.js:83 1
wx.js:83 1561578
wx.js:83 87885
wx.js:83 580
wx.js:83 8
wx.js:83 4847
wx.js:206 {"url":"http://www.tgfcer.com","neiwai":[48,7,55,0.8727272727272727,10,4]}
wx.js:83 87885
wx.js:206 {"url":"http://www.shanbay.com","neiwai":[0,3,3,0,2,1]}
wx.js:83 4
wx.js:206 {"url":"http://www.biquge.com.tw","neiwai":[15,0,15,1,2,0]}
wx.js:83 4
wx.js:206 {"url":"http://www.woshipm.com","neiwai":[66,1,67,0.9850746268656716,2,0]}
wx.js:83 1
wx.js:83 253
wx.js:83 undefined
wx.js:83 616
wx.js:206 {"url":"http://www.online.sh.cn","neiwai":[59,60,119,0.4957983193277311,10,1]}
wx.js:83 1732
wx.js:83 87885
wx.js:83 319398
wx.js:206 {"url":"http://www.ifensi.com","neiwai":[234,20,254,0.9212598425196851,7,3]}
wx.js:83 1386537
wx.js:83 21781
wx.js:83 400349
wx.js:83 29372
wx.js:83 87885
wx.js:83 253
wx.js:83 1
wx.js:206 {"url":"http://www.zhan.com","neiwai":[111,11,122,0.9098360655737705,11,5]}
wx.js:83 1386537
wx.js:83 21781
wx.js:83 400349
wx.js:83 29372
wx.js:83 87885
wx.js:83 253
wx.js:83 1
wx.js:206 {"url":"http://www.zhan.com","neiwai":[111,11,122,0.9098360655737705,11,5]}
wx.js:83 7
wx.js:83 4
wx.js:206 {"url":"http://gitee.com","neiwai":[44,1,45,0.9777777777777777,3,0]}
wx.js:83 4
wx.js:83 319398
wx.js:206 {"url":"http://www.120ask.com","neiwai":[5,144,149,0.03355704697986577,5,1]}
wx.js:206 {"url":"http://nanjing.cn2che.com","neiwai":[109,9,118,0.923728813559322,2,0]}
wx.js:83 319398
wx.js:206 {"url":"http://www.paopaoche.net","neiwai":[37,4,41,0.9024390243902439,4,1]}
wx.js:83 41789
wx.js:83 87885
wx.js:83 48563
wx.js:206 {"url":"http://www.processon.com","neiwai":[7,4,11,0.6363636363636364,5,3]}
wx.js:83 26430
wx.js:83 87885
wx.js:83 253
wx.js:83 1
wx.js:206 {"url":"http://www.iteye.com","neiwai":[26,44,70,0.37142857142857144,9,2]}
wx.js:206 {"url":"http://www.saic.gov.cn","neiwai":[0,0,0,null,0,0]}
wx.js:83 78492
wx.js:206 {"url":"http://samr.saic.gov.cn","neiwai":[57,0,57,1,3,1]}
wx.js:206 {"url":"http://www.linuxidc.com","neiwai":[33,2,35,0.9428571428571428,2,0]}
wx.js:206 {"url":"http://www.cfsbcn.com","neiwai":[138,12,150,0.92,5,0]}
wx.js:83 4
wx.js:206 {"url":"http://www.d1com.com","neiwai":[48,12,60,0.8,3,0]}
wx.js:206 {"url":"http://www.d1com.com","neiwai":[48,12,60,0.8,2,0]}
wx.js:206 {"url":"http://www.unrealengine.com","neiwai":[53,2,55,0.9636363636363636,2,0]}
