2019-12-19 17:03:51,985 - backend.py - INFO - ============= 恶意网页系统检测已启动=============
2019-12-19 17:03:52,432 - _internal.py - INFO -  * Restarting with stat
2019-12-19 17:03:53,694 - backend.py - INFO - ============= 恶意网页系统检测已启动=============
2019-12-19 17:03:54,133 - _internal.py - WARNING -  * Debugger is active!
2019-12-19 17:03:54,138 - _internal.py - INFO -  * Debugger PIN: 283-365-685
2019-12-19 17:03:54,152 - _internal.py - INFO -  * Running on http://127.0.0.1:2222/ (Press CTRL+C to quit)
2019-12-19 17:04:02,151 - backend.py - INFO - =============================================
2019-12-19 17:04:02,152 - backend.py - INFO - http://www.baidu.com的特征如下：
2019-12-19 17:04:02,153 - backend.py - INFO - [15.          0.          5.          0.          2.         10.
 12.          0.16666667  2.          0.          0.          3.
 40.          3.          0.          0.          0.          0.
  0.        ]
2019-12-19 17:04:02,162 - backend.py - INFO - ================predicted====================
2019-12-19 17:04:02,163 - backend.py - INFO - http://www.baidu.com的预测结果是:
2019-12-19 17:04:02,164 - backend.py - INFO - [0]
2019-12-19 17:04:02,165 - backend.py - INFO - ==================over=======================
2019-12-19 17:04:02,165 - backend.py - INFO - =============================================
2019-12-19 17:04:02,166 - _internal.py - INFO - 127.0.0.1 - - [19/Dec/2019 17:04:02] "POST /test HTTP/1.1" 200 -
2019-12-20 10:01:24,637 - backend.py - INFO - ============= 恶意网页系统检测已启动=============
2019-12-20 10:01:25,100 - _internal.py - INFO -  * Restarting with stat
2019-12-20 10:01:26,228 - backend.py - INFO - ============= 恶意网页系统检测已启动=============
2019-12-20 10:01:26,628 - _internal.py - WARNING -  * Debugger is active!
2019-12-20 10:01:26,638 - _internal.py - INFO -  * Debugger PIN: 283-365-685
2019-12-20 10:01:26,658 - _internal.py - INFO -  * Running on http://127.0.0.1:2222/ (Press CTRL+C to quit)
2019-12-20 10:05:34,958 - backend.py - INFO - =============================================
2019-12-20 10:05:34,961 - backend.py - INFO - http://www.baidu.com的特征如下：
2019-12-20 10:05:34,964 - backend.py - INFO - =============================================
2019-12-20 10:05:34,965 - backend.py - INFO - [15.          0.          5.          0.         17.         16.
 33.          0.51515152  4.          2.          0.          3.
 40.          3.          0.          0.          0.          0.
  0.        ]
2019-12-20 10:05:34,965 - backend.py - INFO - http://www.baidu.com的特征如下：
2019-12-20 10:05:34,971 - backend.py - INFO - ================predicted====================
2019-12-20 10:05:34,971 - backend.py - INFO - [15  0  5  0  0  0  0  0  0  0  0  3 40  3  0  0  0  0  0]
2019-12-20 10:05:34,972 - backend.py - INFO - http://www.baidu.com的预测结果是:
2019-12-20 10:05:34,975 - backend.py - INFO - [0]
2019-12-20 10:05:34,976 - backend.py - INFO - ================predicted====================
2019-12-20 10:05:34,977 - backend.py - INFO - ==================over=======================
2019-12-20 10:05:34,978 - backend.py - INFO - =============================================
2019-12-20 10:05:34,977 - backend.py - INFO - http://www.baidu.com的预测结果是:
2019-12-20 10:05:34,980 - _internal.py - INFO - 127.0.0.1 - - [20/Dec/2019 10:05:34] "POST /test HTTP/1.1" 200 -
2019-12-20 10:05:34,981 - backend.py - INFO - [0]
2019-12-20 10:05:34,983 - backend.py - INFO - ==================over=======================
2019-12-20 10:05:34,985 - backend.py - INFO - =============================================
2019-12-20 10:05:34,987 - _internal.py - INFO - 127.0.0.1 - - [20/Dec/2019 10:05:34] "POST /test HTTP/1.1" 200 -
2019-12-20 10:05:38,552 - backend.py - INFO - =============================================
2019-12-20 10:05:38,552 - backend.py - INFO - http://www.cnki.net的特征如下：
2019-12-20 10:05:38,552 - backend.py - INFO - [14  0  5  0 73  0 73  1  1  0  0  0  1  0  0  0  0  0  0]
2019-12-20 10:05:38,552 - backend.py - INFO - ================predicted====================
2019-12-20 10:05:38,552 - backend.py - INFO - http://www.cnki.net的预测结果是:
2019-12-20 10:05:38,552 - backend.py - INFO - [0]
2019-12-20 10:05:38,552 - backend.py - INFO - ==================over=======================
2019-12-20 10:05:38,552 - backend.py - INFO - =============================================
2019-12-20 10:05:38,562 - _internal.py - INFO - 127.0.0.1 - - [20/Dec/2019 10:05:38] "POST /test HTTP/1.1" 200 -
2019-12-20 10:06:04,104 - backend.py - INFO - =============================================
2019-12-20 10:06:04,104 - backend.py - INFO - http://kns.cnki.net的特征如下：
2019-12-20 10:06:04,107 - backend.py - INFO - [14  0  5  0 42  0 42  1  1  0  0  0  1  0  0  0  0  0  0]
2019-12-20 10:06:04,109 - backend.py - INFO - ================predicted====================
2019-12-20 10:06:04,110 - backend.py - INFO - http://kns.cnki.net的预测结果是:
2019-12-20 10:06:04,110 - backend.py - INFO - [0]
2019-12-20 10:06:04,112 - backend.py - INFO - ==================over=======================
2019-12-20 10:06:04,113 - backend.py - INFO - =============================================
2019-12-20 10:06:04,114 - _internal.py - INFO - 127.0.0.1 - - [20/Dec/2019 10:06:04] "POST /test HTTP/1.1" 200 -
2019-12-20 10:22:41,255 - backend.py - INFO - =============================================
2019-12-20 10:22:41,255 - backend.py - INFO - http://extensions的特征如下：
2019-12-20 10:22:41,255 - backend.py - INFO - [14  0  3  0  0  0  0  0  0  0 -1 -1 -1 -1 -1 -1 -1 -1 -1]
2019-12-20 10:22:41,255 - backend.py - INFO - ================predicted====================
2019-12-20 10:22:41,255 - backend.py - INFO - http://extensions的预测结果是:
2019-12-20 10:22:41,255 - backend.py - INFO - [1]
2019-12-20 10:22:41,255 - backend.py - INFO - ==================over=======================
2019-12-20 10:22:41,255 - backend.py - INFO - =============================================
2019-12-20 10:22:41,255 - _internal.py - INFO - 127.0.0.1 - - [20/Dec/2019 10:22:41] "POST /test HTTP/1.1" 200 -
2019-12-20 10:42:23,596 - backend.py - INFO - =============================================
2019-12-20 10:42:23,596 - backend.py - INFO - http://www.baidu.com的特征如下：
2019-12-20 10:42:23,597 - backend.py - INFO - [15.         0.         5.         0.         5.        18.
 23.         0.2173913  2.         0.         0.         3.
 40.         3.         0.         0.         0.         0.
  0.       ]
2019-12-20 10:42:23,600 - backend.py - INFO - ================predicted====================
2019-12-20 10:42:23,601 - backend.py - INFO - http://www.baidu.com的预测结果是:
2019-12-20 10:42:23,601 - backend.py - INFO - [0]
2019-12-20 10:42:23,601 - backend.py - INFO - ==================over=======================
2019-12-20 10:42:23,602 - backend.py - INFO - =============================================
2019-12-20 10:42:23,602 - _internal.py - INFO - 127.0.0.1 - - [20/Dec/2019 10:42:23] "POST /test HTTP/1.1" 200 -
2019-12-20 10:42:56,784 - backend.py - INFO - =============================================
2019-12-20 10:42:56,784 - backend.py - INFO - http://www.baidu.com的特征如下：
2019-12-20 10:42:56,785 - backend.py - INFO - [15  0  5  0  2  0  2  1  1  0  0  3 40  3  0  0  0  0  0]
2019-12-20 10:42:56,785 - backend.py - INFO - ================predicted====================
2019-12-20 10:42:56,785 - backend.py - INFO - http://www.baidu.com的预测结果是:
2019-12-20 10:42:56,785 - backend.py - INFO - [0]
2019-12-20 10:42:56,785 - backend.py - INFO - ==================over=======================
2019-12-20 10:42:56,785 - backend.py - INFO - =============================================
2019-12-20 10:42:56,785 - _internal.py - INFO - 127.0.0.1 - - [20/Dec/2019 10:42:56] "POST /test HTTP/1.1" 200 -
2019-12-20 10:43:54,220 - backend.py - INFO - =============================================
2019-12-20 10:43:54,220 - backend.py - INFO - http://extensions的特征如下：
2019-12-20 10:43:54,220 - backend.py - INFO - [14  0  3  0  0  0  0  0  0  0 -1 -1 -1 -1 -1 -1 -1 -1 -1]
2019-12-20 10:43:54,220 - backend.py - INFO - ================predicted====================
2019-12-20 10:43:54,220 - backend.py - INFO - http://extensions的预测结果是:
2019-12-20 10:43:54,220 - backend.py - INFO - [1]
2019-12-20 10:43:54,220 - backend.py - INFO - ==================over=======================
2019-12-20 10:43:54,220 - backend.py - INFO - =============================================
2019-12-20 10:43:54,230 - _internal.py - INFO - 127.0.0.1 - - [20/Dec/2019 10:43:54] "POST /test HTTP/1.1" 200 -
2019-12-20 10:44:37,803 - backend.py - INFO - =============================================
2019-12-20 10:44:37,803 - backend.py - INFO - http://extensions的特征如下：
2019-12-20 10:44:37,813 - backend.py - INFO - [14  0  3  0  0  0  0  0  0  0 -1 -1 -1 -1 -1 -1 -1 -1 -1]
2019-12-20 10:44:37,813 - backend.py - INFO - ================predicted====================
2019-12-20 10:44:37,813 - backend.py - INFO - http://extensions的预测结果是:
2019-12-20 10:44:37,813 - backend.py - INFO - [1]
2019-12-20 10:44:37,813 - backend.py - INFO - ==================over=======================
2019-12-20 10:44:37,813 - backend.py - INFO - =============================================
2019-12-20 10:44:37,813 - _internal.py - INFO - 127.0.0.1 - - [20/Dec/2019 10:44:37] "POST /test HTTP/1.1" 200 -
2019-12-20 10:45:34,769 - backend.py - INFO - =============================================
2019-12-20 10:45:34,769 - backend.py - INFO - http://extensions的特征如下：
2019-12-20 10:45:34,770 - backend.py - INFO - [14  0  3  0  0  0  0  0  0  0 -1 -1 -1 -1 -1 -1 -1 -1 -1]
2019-12-20 10:45:34,771 - backend.py - INFO - ================predicted====================
2019-12-20 10:45:34,772 - backend.py - INFO - http://extensions的预测结果是:
2019-12-20 10:45:34,772 - backend.py - INFO - [1]
2019-12-20 10:45:34,773 - backend.py - INFO - ==================over=======================
2019-12-20 10:45:34,773 - backend.py - INFO - =============================================
2019-12-20 10:45:34,774 - _internal.py - INFO - 127.0.0.1 - - [20/Dec/2019 10:45:34] "POST /test HTTP/1.1" 200 -
2019-12-20 10:45:58,010 - backend.py - INFO - =============================================
2019-12-20 10:45:58,011 - backend.py - INFO - http://www.baidu.com的特征如下：
2019-12-20 10:45:58,011 - backend.py - INFO - [15.         0.         5.         0.         5.        18.
 23.         0.2173913  2.         0.         0.         3.
 40.         3.         0.         0.         0.         0.
  0.       ]
2019-12-20 10:45:58,015 - backend.py - INFO - ================predicted====================
2019-12-20 10:45:58,016 - backend.py - INFO - http://www.baidu.com的预测结果是:
2019-12-20 10:45:58,017 - backend.py - INFO - [0]
2019-12-20 10:45:58,017 - backend.py - INFO - ==================over=======================
2019-12-20 10:45:58,017 - backend.py - INFO - =============================================
2019-12-20 10:45:58,017 - _internal.py - INFO - 127.0.0.1 - - [20/Dec/2019 10:45:58] "POST /test HTTP/1.1" 200 -
2019-12-20 10:52:11,011 - backend.py - INFO - =============================================
2019-12-20 10:52:11,011 - backend.py - INFO - http://www.baidu.com的特征如下：
2019-12-20 10:52:11,011 - backend.py - INFO - [15.         0.         5.         0.         5.        18.
 23.         0.2173913  2.         0.         0.         3.
 40.         3.         0.         0.         0.         0.
  0.       ]
2019-12-20 10:52:11,021 - backend.py - INFO - ================predicted====================
2019-12-20 10:52:11,021 - backend.py - INFO - http://www.baidu.com的预测结果是:
2019-12-20 10:52:11,021 - backend.py - INFO - [0]
2019-12-20 10:52:11,021 - backend.py - INFO - ==================over=======================
2019-12-20 10:52:11,021 - backend.py - INFO - =============================================
2019-12-20 10:52:11,021 - _internal.py - INFO - 127.0.0.1 - - [20/Dec/2019 10:52:11] "POST /test HTTP/1.1" 200 -
2019-12-20 10:53:04,311 - backend.py - INFO - =============================================
2019-12-20 10:53:04,311 - backend.py - INFO - http://www.baidu.com的特征如下：
2019-12-20 10:53:04,311 - backend.py - INFO - [15.         0.         5.         0.         5.        18.
 23.         0.2173913  2.         0.         0.         3.
 40.         3.         0.         0.         0.         0.
  0.       ]
2019-12-20 10:53:04,311 - backend.py - INFO - ================predicted====================
2019-12-20 10:53:04,311 - backend.py - INFO - http://www.baidu.com的预测结果是:
2019-12-20 10:53:04,311 - backend.py - INFO - [0]
2019-12-20 10:53:04,311 - backend.py - INFO - ==================over=======================
2019-12-20 10:53:04,311 - backend.py - INFO - =============================================
2019-12-20 10:53:04,311 - _internal.py - INFO - 127.0.0.1 - - [20/Dec/2019 10:53:04] "POST /test HTTP/1.1" 200 -
2019-12-20 10:54:05,067 - backend.py - INFO - =============================================
2019-12-20 10:54:05,068 - backend.py - INFO - http://www.baidu.com的特征如下：
2019-12-20 10:54:05,068 - backend.py - INFO - [15.          0.          5.          0.          2.         10.
 12.          0.16666667  2.          0.          0.          3.
 40.          3.          0.          0.          0.          0.
  0.        ]
2019-12-20 10:54:05,071 - backend.py - INFO - ================predicted====================
2019-12-20 10:54:05,072 - backend.py - INFO - http://www.baidu.com的预测结果是:
2019-12-20 10:54:05,073 - backend.py - INFO - [0]
2019-12-20 10:54:05,074 - backend.py - INFO - ==================over=======================
2019-12-20 10:54:05,074 - backend.py - INFO - =============================================
2019-12-20 10:54:05,075 - _internal.py - INFO - 127.0.0.1 - - [20/Dec/2019 10:54:05] "POST /test HTTP/1.1" 200 -
2019-12-20 10:54:38,813 - backend.py - INFO - =============================================
2019-12-20 10:54:38,813 - backend.py - INFO - http://www.baidu.com的特征如下：
2019-12-20 10:54:38,814 - backend.py - INFO - [15.       0.       5.       0.      11.      21.      32.       0.34375
  4.       2.       0.       3.      40.       3.       0.       0.
  0.       0.       0.     ]
2019-12-20 10:54:38,817 - backend.py - INFO - ================predicted====================
2019-12-20 10:54:38,818 - backend.py - INFO - http://www.baidu.com的预测结果是:
2019-12-20 10:54:38,818 - backend.py - INFO - [0]
2019-12-20 10:54:38,819 - backend.py - INFO - ==================over=======================
2019-12-20 10:54:38,819 - backend.py - INFO - =============================================
2019-12-20 10:54:38,820 - _internal.py - INFO - 127.0.0.1 - - [20/Dec/2019 10:54:38] "POST /test HTTP/1.1" 200 -
2019-12-20 10:55:17,299 - backend.py - INFO - =============================================
2019-12-20 10:55:17,309 - backend.py - INFO - http://www.baidu.com的特征如下：
2019-12-20 10:55:17,309 - backend.py - INFO - [15.          0.          5.          0.          2.         10.
 12.          0.16666667  2.          0.          0.          3.
 40.          3.          0.          0.          0.          0.
  0.        ]
2019-12-20 10:55:17,309 - backend.py - INFO - ================predicted====================
2019-12-20 10:55:17,309 - backend.py - INFO - http://www.baidu.com的预测结果是:
2019-12-20 10:55:17,309 - backend.py - INFO - [0]
2019-12-20 10:55:17,309 - backend.py - INFO - ==================over=======================
2019-12-20 10:55:17,309 - backend.py - INFO - =============================================
2019-12-20 10:55:17,309 - _internal.py - INFO - 127.0.0.1 - - [20/Dec/2019 10:55:17] "POST /test HTTP/1.1" 200 -
2019-12-20 10:56:14,614 - backend.py - INFO - =============================================
2019-12-20 10:56:14,615 - backend.py - INFO - http://www.espdesign.com.au的特征如下：
2019-12-20 10:56:14,617 - backend.py - INFO - [21  0  6  0  2  0  2  1  1  1  0  0  0  0  0  0  0  0  0]
2019-12-20 10:56:14,619 - backend.py - INFO - ================predicted====================
2019-12-20 10:56:14,619 - backend.py - INFO - http://www.espdesign.com.au的预测结果是:
2019-12-20 10:56:14,621 - backend.py - INFO - [1]
2019-12-20 10:56:14,621 - backend.py - INFO - ==================over=======================
2019-12-20 10:56:14,622 - backend.py - INFO - =============================================
2019-12-20 10:56:14,623 - _internal.py - INFO - 127.0.0.1 - - [20/Dec/2019 10:56:14] "POST /test HTTP/1.1" 200 -
2019-12-20 11:03:09,223 - backend.py - INFO - =============================================
2019-12-20 11:03:09,224 - backend.py - INFO - http://mail.qq.com的特征如下：
2019-12-20 11:03:09,224 - backend.py - INFO - [13.     0.     5.     0.    12.    20.    32.     0.375  2.     0.
  9.     1.     3.     2.     0.     0.     0.     0.     0.   ]
2019-12-20 11:03:09,227 - backend.py - INFO - ================predicted====================
2019-12-20 11:03:09,227 - backend.py - INFO - http://mail.qq.com的预测结果是:
2019-12-20 11:03:09,227 - backend.py - INFO - [0]
2019-12-20 11:03:09,228 - backend.py - INFO - ==================over=======================
2019-12-20 11:03:09,228 - backend.py - INFO - =============================================
2019-12-20 11:03:09,228 - _internal.py - INFO - 127.0.0.1 - - [20/Dec/2019 11:03:09] "POST /test HTTP/1.1" 200 -
2019-12-20 11:03:17,340 - backend.py - INFO - =============================================
2019-12-20 11:03:17,340 - backend.py - INFO - http://mail.qq.com的特征如下：
2019-12-20 11:03:17,340 - backend.py - INFO - [13.   0.   5.   0.   1.   1.   2.   0.5  2.   1.   9.   1.   3.   2.
  0.   0.   0.   0.   0. ]
2019-12-20 11:03:17,343 - backend.py - INFO - ================predicted====================
2019-12-20 11:03:17,343 - backend.py - INFO - http://mail.qq.com的预测结果是:
2019-12-20 11:03:17,344 - backend.py - INFO - [0]
2019-12-20 11:03:17,344 - backend.py - INFO - ==================over=======================
2019-12-20 11:03:17,344 - backend.py - INFO - =============================================
2019-12-20 11:03:17,345 - _internal.py - INFO - 127.0.0.1 - - [20/Dec/2019 11:03:17] "POST /test HTTP/1.1" 200 -
2019-12-20 11:03:20,495 - backend.py - INFO - =============================================
2019-12-20 11:03:20,496 - backend.py - INFO - http://mail.qq.com的特征如下：
2019-12-20 11:03:20,496 - backend.py - INFO - [13  0  5  0  2  0  2  1  2  1  9  1  3  2  0  0  0  0  0]
2019-12-20 11:03:20,498 - backend.py - INFO - ================predicted====================
2019-12-20 11:03:20,498 - backend.py - INFO - http://mail.qq.com的预测结果是:
2019-12-20 11:03:20,499 - backend.py - INFO - [0]
2019-12-20 11:03:20,499 - backend.py - INFO - ==================over=======================
2019-12-20 11:03:20,499 - backend.py - INFO - =============================================
2019-12-20 11:03:20,500 - _internal.py - INFO - 127.0.0.1 - - [20/Dec/2019 11:03:20] "POST /test HTTP/1.1" 200 -
2019-12-20 11:08:15,378 - backend.py - INFO - =============================================
2019-12-20 11:08:15,378 - backend.py - INFO - http://www.baidu.com的特征如下：
2019-12-20 11:08:15,379 - backend.py - INFO - [15.          0.          5.          0.         13.         14.
 27.          0.48148148  3.          1.          0.          3.
 40.          3.          0.          0.          0.          0.
  0.        ]
2019-12-20 11:08:15,381 - backend.py - INFO - ================predicted====================
2019-12-20 11:08:15,382 - backend.py - INFO - http://www.baidu.com的预测结果是:
2019-12-20 11:08:15,382 - backend.py - INFO - [0]
2019-12-20 11:08:15,383 - backend.py - INFO - ==================over=======================
2019-12-20 11:08:15,383 - backend.py - INFO - =============================================
2019-12-20 11:08:15,383 - _internal.py - INFO - 127.0.0.1 - - [20/Dec/2019 11:08:15] "POST /test HTTP/1.1" 200 -
2019-12-20 11:08:23,077 - backend.py - INFO - =============================================
2019-12-20 11:08:23,077 - backend.py - INFO - http://www.baidu.com的特征如下：
2019-12-20 11:08:23,078 - backend.py - INFO - [15  0  5  0  0  0  0  0  0  0  0  3 40  3  0  0  0  0  0]
2019-12-20 11:08:23,080 - backend.py - INFO - ================predicted====================
2019-12-20 11:08:23,080 - backend.py - INFO - http://www.baidu.com的预测结果是:
2019-12-20 11:08:23,082 - backend.py - INFO - [0]
2019-12-20 11:08:23,082 - backend.py - INFO - ==================over=======================
2019-12-20 11:08:23,082 - backend.py - INFO - =============================================
2019-12-20 11:08:23,083 - _internal.py - INFO - 127.0.0.1 - - [20/Dec/2019 11:08:23] "POST /test HTTP/1.1" 200 -
2019-12-20 11:08:27,216 - backend.py - INFO - =============================================
2019-12-20 11:08:27,217 - backend.py - INFO - http://www.baidu.com的特征如下：
2019-12-20 11:08:27,219 - backend.py - INFO - [15  0  5  0  0  0  0  0  0  0  0  3 40  3  0  0  0  0  0]
2019-12-20 11:08:27,221 - backend.py - INFO - ================predicted====================
2019-12-20 11:08:27,221 - backend.py - INFO - http://www.baidu.com的预测结果是:
2019-12-20 11:08:27,221 - backend.py - INFO - [0]
2019-12-20 11:08:27,222 - backend.py - INFO - ==================over=======================
2019-12-20 11:08:27,222 - backend.py - INFO - =============================================
2019-12-20 11:08:27,223 - _internal.py - INFO - 127.0.0.1 - - [20/Dec/2019 11:08:27] "POST /test HTTP/1.1" 200 -
2019-12-20 11:08:27,720 - backend.py - INFO - =============================================
2019-12-20 11:08:27,721 - backend.py - INFO - http://xxb.njupt.edu.cn的特征如下：
2019-12-20 11:08:27,721 - backend.py - INFO - [17  0  6  0 18  0 18  1  1  0  0  6  1  0  2  0  0  0  1]
2019-12-20 11:08:27,723 - backend.py - INFO - ================predicted====================
2019-12-20 11:08:27,723 - backend.py - INFO - http://xxb.njupt.edu.cn的预测结果是:
2019-12-20 11:08:27,723 - backend.py - INFO - [0]
2019-12-20 11:08:27,724 - backend.py - INFO - ==================over=======================
2019-12-20 11:08:27,724 - backend.py - INFO - =============================================
2019-12-20 11:08:27,725 - _internal.py - INFO - 127.0.0.1 - - [20/Dec/2019 11:08:27] "POST /test HTTP/1.1" 200 -
2019-12-20 11:08:32,721 - backend.py - INFO - =============================================
2019-12-20 11:08:32,722 - backend.py - INFO - http://xxb.njupt.edu.cn的特征如下：
2019-12-20 11:08:32,722 - backend.py - INFO - [17.          0.          6.          0.         13.          4.
 17.          0.76470588  2.          0.          0.          6.
  1.          0.          2.          0.          0.          0.
  1.        ]
2019-12-20 11:08:32,725 - backend.py - INFO - ================predicted====================
2019-12-20 11:08:32,725 - backend.py - INFO - http://xxb.njupt.edu.cn的预测结果是:
2019-12-20 11:08:32,725 - backend.py - INFO - [0]
2019-12-20 11:08:32,726 - backend.py - INFO - ==================over=======================
2019-12-20 11:08:32,726 - backend.py - INFO - =============================================
2019-12-20 11:08:32,727 - _internal.py - INFO - 127.0.0.1 - - [20/Dec/2019 11:08:32] "POST /test HTTP/1.1" 200 -
2019-12-20 11:17:15,563 - backend.py - INFO - =============================================
2019-12-20 11:17:15,563 - backend.py - INFO - http://www.baidu.com的特征如下：
2019-12-20 11:17:15,565 - backend.py - INFO - [15.    0.    5.    0.    9.   16.   25.    0.36  4.    2.    0.    3.
 40.    3.    0.    0.    0.    0.    0.  ]
2019-12-20 11:17:15,567 - backend.py - INFO - ================predicted====================
2019-12-20 11:17:15,568 - backend.py - INFO - http://www.baidu.com的预测结果是:
2019-12-20 11:17:15,568 - backend.py - INFO - [0]
2019-12-20 11:17:15,568 - backend.py - INFO - ==================over=======================
2019-12-20 11:17:15,569 - backend.py - INFO - =============================================
2019-12-20 11:17:15,569 - _internal.py - INFO - 127.0.0.1 - - [20/Dec/2019 11:17:15] "POST /test HTTP/1.1" 200 -
2019-12-20 11:17:19,610 - backend.py - INFO - =============================================
2019-12-20 11:17:19,611 - backend.py - INFO - http://www.baidu.com的特征如下：
2019-12-20 11:17:19,611 - backend.py - INFO - [15  0  5  0  0  0  0  0  0  0  0  3 40  3  0  0  0  0  0]
2019-12-20 11:17:19,613 - backend.py - INFO - ================predicted====================
2019-12-20 11:17:19,613 - backend.py - INFO - http://www.baidu.com的预测结果是:
2019-12-20 11:17:19,614 - backend.py - INFO - [0]
2019-12-20 11:17:19,614 - backend.py - INFO - ==================over=======================
2019-12-20 11:17:19,615 - backend.py - INFO - =============================================
2019-12-20 11:17:19,616 - _internal.py - INFO - 127.0.0.1 - - [20/Dec/2019 11:17:19] "POST /test HTTP/1.1" 200 -
2019-12-20 11:17:28,494 - backend.py - INFO - =============================================
2019-12-20 11:17:28,495 - backend.py - INFO - http://zhidao.baidu.com的特征如下：
2019-12-20 11:17:28,495 - backend.py - INFO - [18.          0.          5.          0.         28.         68.
 96.          0.29166667  5.          1.          1.          0.
  7.          2.          0.          0.          0.          0.
  2.        ]
2019-12-20 11:17:28,499 - backend.py - INFO - ================predicted====================
2019-12-20 11:17:28,499 - backend.py - INFO - http://zhidao.baidu.com的预测结果是:
2019-12-20 11:17:28,500 - backend.py - INFO - [0]
2019-12-20 11:17:28,500 - backend.py - INFO - ==================over=======================
2019-12-20 11:17:28,500 - backend.py - INFO - =============================================
2019-12-20 11:17:28,501 - _internal.py - INFO - 127.0.0.1 - - [20/Dec/2019 11:17:28] "POST /test HTTP/1.1" 200 -
2019-12-20 11:17:44,572 - backend.py - INFO - =============================================
2019-12-20 11:17:44,572 - backend.py - INFO - http://www.baidu.com的特征如下：
2019-12-20 11:17:44,572 - backend.py - INFO - [15  0  5  0  0  0  0  0  0  0  0  3 40  3  0  0  0  0  0]
2019-12-20 11:17:44,575 - backend.py - INFO - ================predicted====================
2019-12-20 11:17:44,576 - backend.py - INFO - http://www.baidu.com的预测结果是:
2019-12-20 11:17:44,576 - backend.py - INFO - [0]
2019-12-20 11:17:44,577 - backend.py - INFO - ==================over=======================
2019-12-20 11:17:44,577 - backend.py - INFO - =============================================
2019-12-20 11:17:44,578 - _internal.py - INFO - 127.0.0.1 - - [20/Dec/2019 11:17:44] "POST /test HTTP/1.1" 200 -
2019-12-20 11:17:46,982 - backend.py - INFO - =============================================
2019-12-20 11:17:46,983 - backend.py - INFO - http://www.baidu.com的特征如下：
2019-12-20 11:17:46,984 - backend.py - INFO - [15  0  5  0  0  0  0  0  0  0  0  3 40  3  0  0  0  0  0]
2019-12-20 11:17:46,986 - backend.py - INFO - ================predicted====================
2019-12-20 11:17:46,987 - backend.py - INFO - http://www.baidu.com的预测结果是:
2019-12-20 11:17:46,987 - backend.py - INFO - [0]
2019-12-20 11:17:46,988 - backend.py - INFO - ==================over=======================
2019-12-20 11:17:46,988 - backend.py - INFO - =============================================
2019-12-20 11:17:46,989 - _internal.py - INFO - 127.0.0.1 - - [20/Dec/2019 11:17:46] "POST /test HTTP/1.1" 200 -
2019-12-20 11:17:55,158 - backend.py - INFO - =============================================
2019-12-20 11:17:55,159 - backend.py - INFO - http://zhidao.baidu.com的特征如下：
2019-12-20 11:17:55,159 - backend.py - INFO - [18.          0.          5.          0.         32.         56.
 88.          0.36363636  5.          2.          1.          0.
  7.          2.          0.          0.          0.          0.
  2.        ]
2019-12-20 11:17:55,162 - backend.py - INFO - ================predicted====================
2019-12-20 11:17:55,163 - backend.py - INFO - http://zhidao.baidu.com的预测结果是:
2019-12-20 11:17:55,163 - backend.py - INFO - [0]
2019-12-20 11:17:55,164 - backend.py - INFO - ==================over=======================
2019-12-20 11:17:55,164 - backend.py - INFO - =============================================
2019-12-20 11:17:55,165 - _internal.py - INFO - 127.0.0.1 - - [20/Dec/2019 11:17:55] "POST /test HTTP/1.1" 200 -
2019-12-20 11:18:00,411 - backend.py - INFO - =============================================
2019-12-20 11:18:00,412 - backend.py - INFO - http://www.baidu.com的特征如下：
2019-12-20 11:18:00,412 - backend.py - INFO - [15  0  5  0  0  0  0  0  0  0  0  3 40  3  0  0  0  0  0]
2019-12-20 11:18:00,415 - backend.py - INFO - ================predicted====================
2019-12-20 11:18:00,415 - backend.py - INFO - http://www.baidu.com的预测结果是:
2019-12-20 11:18:00,416 - backend.py - INFO - [0]
2019-12-20 11:18:00,417 - backend.py - INFO - ==================over=======================
2019-12-20 11:18:00,417 - backend.py - INFO - =============================================
2019-12-20 11:18:00,418 - _internal.py - INFO - 127.0.0.1 - - [20/Dec/2019 11:18:00] "POST /test HTTP/1.1" 200 -
2019-12-20 11:18:06,529 - backend.py - INFO - =============================================
2019-12-20 11:18:06,530 - backend.py - INFO - http://blog.csdn.net的特征如下：
2019-12-20 11:18:06,530 - backend.py - INFO - [ 15.           0.           5.           0.          47.
 127.         174.           0.27011494   6.           1.
  10.           0.           0.           0.           0.
   0.           0.           0.           0.        ]
2019-12-20 11:18:06,534 - backend.py - INFO - ================predicted====================
2019-12-20 11:18:06,535 - backend.py - INFO - http://blog.csdn.net的预测结果是:
2019-12-20 11:18:06,535 - backend.py - INFO - [0]
2019-12-20 11:18:06,535 - backend.py - INFO - ==================over=======================
2019-12-20 11:18:06,536 - backend.py - INFO - =============================================
2019-12-20 11:18:06,536 - _internal.py - INFO - 127.0.0.1 - - [20/Dec/2019 11:18:06] "POST /test HTTP/1.1" 200 -
2019-12-20 11:19:27,196 - backend.py - INFO - =============================================
2019-12-20 11:19:27,197 - backend.py - INFO - http://www.baidu.com的特征如下：
2019-12-20 11:19:27,197 - backend.py - INFO - [15.          0.          5.          0.         15.         21.
 36.          0.41666667  4.          1.          0.          3.
 40.          3.          0.          0.          0.          0.
  0.        ]
2019-12-20 11:19:27,201 - backend.py - INFO - ================predicted====================
2019-12-20 11:19:27,202 - backend.py - INFO - http://www.baidu.com的预测结果是:
2019-12-20 11:19:27,202 - backend.py - INFO - [0]
2019-12-20 11:19:27,203 - backend.py - INFO - ==================over=======================
2019-12-20 11:19:27,203 - backend.py - INFO - =============================================
2019-12-20 11:19:27,204 - _internal.py - INFO - 127.0.0.1 - - [20/Dec/2019 11:19:27] "POST /test HTTP/1.1" 200 -
2019-12-20 11:19:38,260 - backend.py - INFO - =============================================
2019-12-20 11:19:38,261 - backend.py - INFO - http://www.baidu.com的特征如下：
2019-12-20 11:19:38,263 - backend.py - INFO - [15  0  5  0  0  0  0  0  0  0  0  3 40  3  0  0  0  0  0]
2019-12-20 11:19:38,267 - backend.py - INFO - ================predicted====================
2019-12-20 11:19:38,267 - backend.py - INFO - http://www.baidu.com的预测结果是:
2019-12-20 11:19:38,268 - backend.py - INFO - [0]
2019-12-20 11:19:38,268 - backend.py - INFO - ==================over=======================
2019-12-20 11:19:38,268 - backend.py - INFO - =============================================
2019-12-20 11:19:38,269 - _internal.py - INFO - 127.0.0.1 - - [20/Dec/2019 11:19:38] "POST /test HTTP/1.1" 200 -
2019-12-20 11:19:48,554 - backend.py - INFO - =============================================
2019-12-20 11:19:48,554 - backend.py - INFO - http://zhidao.baidu.com的特征如下：
2019-12-20 11:19:48,555 - backend.py - INFO - [ 18.           0.           5.           0.          35.
  78.         113.           0.30973451   5.           2.
   1.           0.           7.           2.           0.
   0.           0.           0.           2.        ]
2019-12-20 11:19:48,557 - backend.py - INFO - ================predicted====================
2019-12-20 11:19:48,558 - backend.py - INFO - http://zhidao.baidu.com的预测结果是:
2019-12-20 11:19:48,558 - backend.py - INFO - [0]
2019-12-20 11:19:48,558 - backend.py - INFO - ==================over=======================
2019-12-20 11:19:48,559 - backend.py - INFO - =============================================
2019-12-20 11:19:48,559 - _internal.py - INFO - 127.0.0.1 - - [20/Dec/2019 11:19:48] "POST /test HTTP/1.1" 200 -
2019-12-20 11:25:33,054 - backend.py - INFO - =============================================
2019-12-20 11:25:33,055 - backend.py - INFO - http://xxb.njupt.edu.cn的特征如下：
2019-12-20 11:25:33,055 - backend.py - INFO - [17  0  6  0 18  0 18  1  1  0  0  6  1  0  2  0  0  0  1]
2019-12-20 11:25:33,059 - backend.py - INFO - ================predicted====================
2019-12-20 11:25:33,059 - backend.py - INFO - http://xxb.njupt.edu.cn的预测结果是:
2019-12-20 11:25:33,060 - backend.py - INFO - [0]
2019-12-20 11:25:33,061 - backend.py - INFO - ==================over=======================
2019-12-20 11:25:33,061 - backend.py - INFO - =============================================
2019-12-20 11:25:33,062 - _internal.py - INFO - 127.0.0.1 - - [20/Dec/2019 11:25:33] "POST /test HTTP/1.1" 200 -
2019-12-20 11:25:34,614 - backend.py - INFO - =============================================
2019-12-20 11:25:34,628 - backend.py - INFO - http://www.baidu.com的特征如下：
2019-12-20 11:25:34,638 - backend.py - INFO - [15.          0.          5.          0.          9.         14.
 23.          0.39130435  4.          2.          0.          3.
 40.          3.          0.          0.          0.          0.
  0.        ]
2019-12-20 11:25:34,647 - backend.py - INFO - ================predicted====================
2019-12-20 11:25:34,648 - backend.py - INFO - http://www.baidu.com的预测结果是:
2019-12-20 11:25:34,650 - backend.py - INFO - [0]
2019-12-20 11:25:34,650 - backend.py - INFO - =============================================
2019-12-20 11:25:34,650 - backend.py - INFO - ==================over=======================
2019-12-20 11:25:34,650 - backend.py - INFO - http://www.baidu.com的特征如下：
2019-12-20 11:25:34,651 - backend.py - INFO - =============================================
2019-12-20 11:25:34,652 - backend.py - INFO - [15  0  5  0  0  0  0  0  0  0  0  3 40  3  0  0  0  0  0]
2019-12-20 11:25:34,653 - _internal.py - INFO - 127.0.0.1 - - [20/Dec/2019 11:25:34] "POST /test HTTP/1.1" 200 -
2019-12-20 11:25:34,656 - backend.py - INFO - ================predicted====================
2019-12-20 11:25:34,658 - backend.py - INFO - http://www.baidu.com的预测结果是:
2019-12-20 11:25:34,659 - backend.py - INFO - [0]
2019-12-20 11:25:34,660 - backend.py - INFO - ==================over=======================
2019-12-20 11:25:34,661 - backend.py - INFO - =============================================
2019-12-20 11:25:34,662 - _internal.py - INFO - 127.0.0.1 - - [20/Dec/2019 11:25:34] "POST /test HTTP/1.1" 200 -
2019-12-20 11:25:35,685 - backend.py - INFO - =============================================
2019-12-20 11:25:35,686 - backend.py - INFO - http://xxb.njupt.edu.cn的特征如下：
2019-12-20 11:25:35,686 - backend.py - INFO - [17.          0.          6.          0.         13.          4.
 17.          0.76470588  2.          0.          0.          6.
  1.          0.          2.          0.          0.          0.
  1.        ]
2019-12-20 11:25:35,689 - backend.py - INFO - ================predicted====================
2019-12-20 11:25:35,689 - backend.py - INFO - http://xxb.njupt.edu.cn的预测结果是:
2019-12-20 11:25:35,690 - backend.py - INFO - [0]
2019-12-20 11:25:35,690 - backend.py - INFO - ==================over=======================
2019-12-20 11:25:35,690 - backend.py - INFO - =============================================
2019-12-20 11:25:35,692 - _internal.py - INFO - 127.0.0.1 - - [20/Dec/2019 11:25:35] "POST /test HTTP/1.1" 200 -
2019-12-20 11:27:55,969 - backend.py - INFO - =============================================
2019-12-20 11:27:55,970 - backend.py - INFO - http://www.baidu.com的特征如下：
2019-12-20 11:27:55,970 - backend.py - INFO - [15.          0.          5.          0.         10.         13.
 23.          0.43478261  3.          1.          0.          3.
 40.          3.          0.          0.          0.          0.
  0.        ]
2019-12-20 11:27:55,973 - backend.py - INFO - ================predicted====================
2019-12-20 11:27:55,973 - backend.py - INFO - http://www.baidu.com的预测结果是:
2019-12-20 11:27:55,973 - backend.py - INFO - [0]
2019-12-20 11:27:55,974 - backend.py - INFO - ==================over=======================
2019-12-20 11:27:55,974 - backend.py - INFO - =============================================
2019-12-20 11:27:55,975 - _internal.py - INFO - 127.0.0.1 - - [20/Dec/2019 11:27:55] "POST /test HTTP/1.1" 200 -
2019-12-20 11:27:56,206 - backend.py - INFO - =============================================
2019-12-20 11:27:56,206 - backend.py - INFO - http://www.baidu.com的特征如下：
2019-12-20 11:27:56,207 - backend.py - INFO - [15  0  5  0  0  0  0  0  0  0  0  3 40  3  0  0  0  0  0]
2019-12-20 11:27:56,210 - backend.py - INFO - ================predicted====================
2019-12-20 11:27:56,210 - backend.py - INFO - http://www.baidu.com的预测结果是:
2019-12-20 11:27:56,210 - backend.py - INFO - [0]
2019-12-20 11:27:56,212 - backend.py - INFO - ==================over=======================
2019-12-20 11:27:56,213 - backend.py - INFO - =============================================
2019-12-20 11:27:56,214 - _internal.py - INFO - 127.0.0.1 - - [20/Dec/2019 11:27:56] "POST /test HTTP/1.1" 200 -
2019-12-20 11:28:03,566 - backend.py - INFO - =============================================
2019-12-20 11:28:03,566 - backend.py - INFO - http://ids6.njupt.edu.cn的特征如下：
2019-12-20 11:28:03,567 - backend.py - INFO - [17  1  6  0 14  0 14  1  1  0  0  0  0  0  0  0  0  0  0]
2019-12-20 11:28:03,569 - backend.py - INFO - ================predicted====================
2019-12-20 11:28:03,569 - backend.py - INFO - http://ids6.njupt.edu.cn的预测结果是:
2019-12-20 11:28:03,569 - backend.py - INFO - [0]
2019-12-20 11:28:03,570 - backend.py - INFO - ==================over=======================
2019-12-20 11:28:03,570 - backend.py - INFO - =============================================
2019-12-20 11:28:03,570 - _internal.py - INFO - 127.0.0.1 - - [20/Dec/2019 11:28:03] "POST /test HTTP/1.1" 200 -
2019-12-20 11:28:11,086 - backend.py - INFO - =============================================
2019-12-20 11:28:11,086 - backend.py - INFO - http://ids6.njupt.edu.cn的特征如下：
2019-12-20 11:28:11,087 - backend.py - INFO - [17  1  6  0  7  0  7  1  1  0  0  0  0  0  0  0  0  0  0]
2019-12-20 11:28:11,089 - backend.py - INFO - ================predicted====================
2019-12-20 11:28:11,090 - backend.py - INFO - http://ids6.njupt.edu.cn的预测结果是:
2019-12-20 11:28:11,090 - backend.py - INFO - [0]
2019-12-20 11:28:11,091 - backend.py - INFO - ==================over=======================
2019-12-20 11:28:11,091 - backend.py - INFO - =============================================
2019-12-20 11:28:11,092 - _internal.py - INFO - 127.0.0.1 - - [20/Dec/2019 11:28:11] "POST /test HTTP/1.1" 200 -
2019-12-20 11:28:11,845 - backend.py - INFO - =============================================
2019-12-20 11:28:11,845 - backend.py - INFO - http://ids6.njupt.edu.cn的特征如下：
2019-12-20 11:28:11,846 - backend.py - INFO - [17  1  6  0  0  0  0  0  0  0  0  0  0  0  0  0  0  0  0]
2019-12-20 11:28:11,849 - backend.py - INFO - ================predicted====================
2019-12-20 11:28:11,849 - backend.py - INFO - http://ids6.njupt.edu.cn的预测结果是:
2019-12-20 11:28:11,850 - backend.py - INFO - [1]
2019-12-20 11:28:11,850 - backend.py - INFO - ==================over=======================
2019-12-20 11:28:11,850 - backend.py - INFO - =============================================
2019-12-20 11:28:11,851 - _internal.py - INFO - 127.0.0.1 - - [20/Dec/2019 11:28:11] "POST /test HTTP/1.1" 200 -
2019-12-20 11:28:12,649 - backend.py - INFO - =============================================
2019-12-20 11:28:12,649 - backend.py - INFO - http://ids6.njupt.edu.cn的特征如下：
2019-12-20 11:28:12,649 - backend.py - INFO - [17  1  6  0  0  0  0  0  0  0  0  0  0  0  0  0  0  0  0]
2019-12-20 11:28:12,651 - backend.py - INFO - ================predicted====================
2019-12-20 11:28:12,651 - backend.py - INFO - http://ids6.njupt.edu.cn的预测结果是:
2019-12-20 11:28:12,652 - backend.py - INFO - [1]
2019-12-20 11:28:12,652 - backend.py - INFO - ==================over=======================
2019-12-20 11:28:12,652 - backend.py - INFO - =============================================
2019-12-20 11:28:12,653 - _internal.py - INFO - 127.0.0.1 - - [20/Dec/2019 11:28:12] "POST /test HTTP/1.1" 200 -
2019-12-20 11:28:13,314 - backend.py - INFO - =============================================
2019-12-20 11:28:13,315 - backend.py - INFO - http://ids6.njupt.edu.cn的特征如下：
2019-12-20 11:28:13,316 - backend.py - INFO - [17  1  6  0  2  0  2  1  1  1  0  0  0  0  0  0  0  0  0]
2019-12-20 11:28:13,318 - backend.py - INFO - ================predicted====================
2019-12-20 11:28:13,319 - backend.py - INFO - http://ids6.njupt.edu.cn的预测结果是:
2019-12-20 11:28:13,319 - backend.py - INFO - [0]
2019-12-20 11:28:13,319 - backend.py - INFO - ==================over=======================
2019-12-20 11:28:13,320 - backend.py - INFO - =============================================
2019-12-20 11:28:13,320 - _internal.py - INFO - 127.0.0.1 - - [20/Dec/2019 11:28:13] "POST /test HTTP/1.1" 200 -
2019-12-20 11:28:14,395 - backend.py - INFO - =============================================
2019-12-20 11:28:14,396 - backend.py - INFO - http://ids6.njupt.edu.cn的特征如下：
2019-12-20 11:28:14,396 - backend.py - INFO - [17  1  6  0  0  0  0  0  0  0  0  0  0  0  0  0  0  0  0]
2019-12-20 11:28:14,398 - backend.py - INFO - ================predicted====================
2019-12-20 11:28:14,398 - backend.py - INFO - http://ids6.njupt.edu.cn的预测结果是:
2019-12-20 11:28:14,398 - backend.py - INFO - [1]
2019-12-20 11:28:14,399 - backend.py - INFO - ==================over=======================
2019-12-20 11:28:14,399 - backend.py - INFO - =============================================
2019-12-20 11:28:14,400 - _internal.py - INFO - 127.0.0.1 - - [20/Dec/2019 11:28:14] "POST /test HTTP/1.1" 200 -
2019-12-20 11:28:15,565 - backend.py - INFO - =============================================
2019-12-20 11:28:15,566 - backend.py - INFO - http://rzfw.njupt.edu.cn的特征如下：
2019-12-20 11:28:15,566 - backend.py - INFO - [18  0  6  0 23  0 23  1  1  0  0  0  0  0  0  0  0  0  0]
2019-12-20 11:28:15,569 - backend.py - INFO - ================predicted====================
2019-12-20 11:28:15,570 - backend.py - INFO - http://rzfw.njupt.edu.cn的预测结果是:
2019-12-20 11:28:15,570 - backend.py - INFO - [0]
2019-12-20 11:28:15,570 - backend.py - INFO - ==================over=======================
2019-12-20 11:28:15,571 - backend.py - INFO - =============================================
2019-12-20 11:28:15,572 - _internal.py - INFO - 127.0.0.1 - - [20/Dec/2019 11:28:15] "POST /test HTTP/1.1" 200 -
2019-12-20 11:28:20,381 - backend.py - INFO - =============================================
2019-12-20 11:28:20,381 - backend.py - INFO - http://rzfw.njupt.edu.cn的特征如下：
2019-12-20 11:28:20,382 - backend.py - INFO - [18  0  6  0  7  0  7  1  1  0  0  0  0  0  0  0  0  0  0]
2019-12-20 11:28:20,384 - backend.py - INFO - ================predicted====================
2019-12-20 11:28:20,385 - backend.py - INFO - http://rzfw.njupt.edu.cn的预测结果是:
2019-12-20 11:28:20,385 - backend.py - INFO - [0]
2019-12-20 11:28:20,386 - backend.py - INFO - ==================over=======================
2019-12-20 11:28:20,386 - backend.py - INFO - =============================================
2019-12-20 11:28:20,387 - _internal.py - INFO - 127.0.0.1 - - [20/Dec/2019 11:28:20] "POST /test HTTP/1.1" 200 -
2019-12-20 11:28:23,129 - backend.py - INFO - =============================================
2019-12-20 11:28:23,130 - backend.py - INFO - http://rzfw.njupt.edu.cn的特征如下：
2019-12-20 11:28:23,130 - backend.py - INFO - [18  0  6  0  7  0  7  1  1  0  0  0  0  0  0  0  0  0  0]
2019-12-20 11:28:23,132 - backend.py - INFO - ================predicted====================
2019-12-20 11:28:23,132 - backend.py - INFO - http://rzfw.njupt.edu.cn的预测结果是:
2019-12-20 11:28:23,132 - backend.py - INFO - [0]
2019-12-20 11:28:23,133 - backend.py - INFO - ==================over=======================
2019-12-20 11:28:23,133 - backend.py - INFO - =============================================
2019-12-20 11:28:23,134 - _internal.py - INFO - 127.0.0.1 - - [20/Dec/2019 11:28:23] "POST /test HTTP/1.1" 200 -
2019-12-20 11:28:31,044 - backend.py - INFO - =============================================
2019-12-20 11:28:31,044 - backend.py - INFO - http://rzfw.njupt.edu.cn的特征如下：
2019-12-20 11:28:31,045 - backend.py - INFO - [18  0  6  0  7  0  7  1  1  0  0  0  0  0  0  0  0  0  0]
2019-12-20 11:28:31,046 - backend.py - INFO - ================predicted====================
2019-12-20 11:28:31,047 - backend.py - INFO - http://rzfw.njupt.edu.cn的预测结果是:
2019-12-20 11:28:31,047 - backend.py - INFO - [0]
2019-12-20 11:28:31,047 - backend.py - INFO - ==================over=======================
2019-12-20 11:28:31,048 - backend.py - INFO - =============================================
2019-12-20 11:28:31,048 - _internal.py - INFO - 127.0.0.1 - - [20/Dec/2019 11:28:31] "POST /test HTTP/1.1" 200 -
2019-12-20 11:28:45,854 - backend.py - INFO - =============================================
2019-12-20 11:28:45,855 - backend.py - INFO - http://rzfw.njupt.edu.cn的特征如下：
2019-12-20 11:28:45,855 - backend.py - INFO - [18  0  6  0  7  0  7  1  1  0  0  0  0  0  0  0  0  0  0]
2019-12-20 11:28:45,857 - backend.py - INFO - ================predicted====================
2019-12-20 11:28:45,857 - backend.py - INFO - http://rzfw.njupt.edu.cn的预测结果是:
2019-12-20 11:28:45,859 - backend.py - INFO - [0]
2019-12-20 11:28:45,859 - backend.py - INFO - ==================over=======================
2019-12-20 11:28:45,859 - backend.py - INFO - =============================================
2019-12-20 11:28:45,860 - _internal.py - INFO - 127.0.0.1 - - [20/Dec/2019 11:28:45] "POST /test HTTP/1.1" 200 -
2019-12-20 11:30:08,841 - backend.py - INFO - =============================================
2019-12-20 11:30:08,842 - backend.py - INFO - http://202.119.226.237的特征如下：
2019-12-20 11:30:08,842 - backend.py - INFO - [ 4 12  6  0  3  0  3  1  1  0  0  0  1  0  0  0  0  0  1]
2019-12-20 11:30:08,845 - backend.py - INFO - ================predicted====================
2019-12-20 11:30:08,845 - backend.py - INFO - http://202.119.226.237的预测结果是:
2019-12-20 11:30:08,846 - backend.py - INFO - [0]
2019-12-20 11:30:08,846 - backend.py - INFO - ==================over=======================
2019-12-20 11:30:08,846 - backend.py - INFO - =============================================
2019-12-20 11:30:08,847 - _internal.py - INFO - 127.0.0.1 - - [20/Dec/2019 11:30:08] "POST /test HTTP/1.1" 200 -
2019-12-20 11:30:09,196 - backend.py - INFO - =============================================
2019-12-20 11:30:09,197 - backend.py - INFO - http://202.119.226.237的特征如下：
2019-12-20 11:30:09,197 - backend.py - INFO - [ 4 12  6  0  1  0  1  1  1  0  0  0  1  0  0  0  0  0  1]
2019-12-20 11:30:09,200 - backend.py - INFO - ================predicted====================
2019-12-20 11:30:09,201 - backend.py - INFO - http://202.119.226.237的预测结果是:
2019-12-20 11:30:09,201 - backend.py - INFO - [0]
2019-12-20 11:30:09,202 - backend.py - INFO - ==================over=======================
2019-12-20 11:30:09,202 - backend.py - INFO - =============================================
2019-12-20 11:30:09,203 - _internal.py - INFO - 127.0.0.1 - - [20/Dec/2019 11:30:09] "POST /test HTTP/1.1" 200 -
2019-12-20 11:31:24,565 - backend.py - INFO - =============================================
2019-12-20 11:31:24,566 - backend.py - INFO - http://202.119.226.237的特征如下：
2019-12-20 11:31:24,567 - backend.py - INFO - [ 4 12  6  0  0  0  0  0  0  0  0  0  1  0  0  0  0  0  1]
2019-12-20 11:31:24,569 - backend.py - INFO - ================predicted====================
2019-12-20 11:31:24,569 - backend.py - INFO - http://202.119.226.237的预测结果是:
2019-12-20 11:31:24,570 - backend.py - INFO - [0]
2019-12-20 11:31:24,571 - backend.py - INFO - ==================over=======================
2019-12-20 11:31:24,571 - backend.py - INFO - =============================================
2019-12-20 11:31:24,572 - _internal.py - INFO - 127.0.0.1 - - [20/Dec/2019 11:31:24] "POST /test HTTP/1.1" 200 -
2019-12-20 11:31:25,585 - backend.py - INFO - =============================================
2019-12-20 11:31:25,585 - backend.py - INFO - http://202.119.226.237的特征如下：
2019-12-20 11:31:25,586 - backend.py - INFO - [ 4 12  6  0  0  0  0  0  0  0  0  0  1  0  0  0  0  0  1]
2019-12-20 11:31:25,587 - backend.py - INFO - ================predicted====================
2019-12-20 11:31:25,588 - backend.py - INFO - http://202.119.226.237的预测结果是:
2019-12-20 11:31:25,588 - backend.py - INFO - [0]
2019-12-20 11:31:25,588 - backend.py - INFO - ==================over=======================
2019-12-20 11:31:25,589 - backend.py - INFO - =============================================
2019-12-20 11:31:25,589 - _internal.py - INFO - 127.0.0.1 - - [20/Dec/2019 11:31:25] "POST /test HTTP/1.1" 200 -
2019-12-20 11:31:30,080 - backend.py - INFO - =============================================
2019-12-20 11:31:30,080 - backend.py - INFO - http://202.119.226.237的特征如下：
2019-12-20 11:31:30,081 - backend.py - INFO - [ 4 12  6  0  0  0  0  0  0  0  0  0  1  0  0  0  0  0  1]
2019-12-20 11:31:30,083 - backend.py - INFO - ================predicted====================
2019-12-20 11:31:30,083 - backend.py - INFO - http://202.119.226.237的预测结果是:
2019-12-20 11:31:30,083 - backend.py - INFO - [0]
2019-12-20 11:31:30,084 - backend.py - INFO - ==================over=======================
2019-12-20 11:31:30,084 - backend.py - INFO - =============================================
2019-12-20 11:31:30,084 - _internal.py - INFO - 127.0.0.1 - - [20/Dec/2019 11:31:30] "POST /test HTTP/1.1" 200 -
2019-12-20 11:31:30,294 - backend.py - INFO - =============================================
2019-12-20 11:31:30,294 - backend.py - INFO - http://202.119.226.237的特征如下：
2019-12-20 11:31:30,296 - backend.py - INFO - [ 4 12  6  0  0  0  0  0  0  0  0  0  1  0  0  0  0  0  1]
2019-12-20 11:31:30,297 - backend.py - INFO - ================predicted====================
2019-12-20 11:31:30,297 - backend.py - INFO - http://202.119.226.237的预测结果是:
2019-12-20 11:31:30,298 - backend.py - INFO - [0]
2019-12-20 11:31:30,298 - backend.py - INFO - ==================over=======================
2019-12-20 11:31:30,299 - backend.py - INFO - =============================================
2019-12-20 11:31:30,299 - _internal.py - INFO - 127.0.0.1 - - [20/Dec/2019 11:31:30] "POST /test HTTP/1.1" 200 -
2019-12-20 11:31:30,688 - backend.py - INFO - =============================================
2019-12-20 11:31:30,689 - backend.py - INFO - http://202.119.226.237的特征如下：
2019-12-20 11:31:30,689 - backend.py - INFO - [ 4 12  6  0  0  0  0  0  0  0  0  0  1  0  0  0  0  0  1]
2019-12-20 11:31:30,691 - backend.py - INFO - ================predicted====================
2019-12-20 11:31:30,691 - backend.py - INFO - http://202.119.226.237的预测结果是:
2019-12-20 11:31:30,691 - backend.py - INFO - [0]
2019-12-20 11:31:30,692 - backend.py - INFO - ==================over=======================
2019-12-20 11:31:30,692 - backend.py - INFO - =============================================
2019-12-20 11:31:30,693 - _internal.py - INFO - 127.0.0.1 - - [20/Dec/2019 11:31:30] "POST /test HTTP/1.1" 200 -
2019-12-20 11:31:30,819 - backend.py - INFO - =============================================
2019-12-20 11:31:30,819 - backend.py - INFO - http://202.119.226.237的特征如下：
2019-12-20 11:31:30,820 - backend.py - INFO - [ 4 12  6  0  0  0  0  0  0  0  0  0  1  0  0  0  0  0  1]
2019-12-20 11:31:30,822 - backend.py - INFO - ================predicted====================
2019-12-20 11:31:30,823 - backend.py - INFO - http://202.119.226.237的预测结果是:
2019-12-20 11:31:30,823 - backend.py - INFO - [0]
2019-12-20 11:31:30,824 - backend.py - INFO - ==================over=======================
2019-12-20 11:31:30,824 - backend.py - INFO - =============================================
2019-12-20 11:31:30,826 - _internal.py - INFO - 127.0.0.1 - - [20/Dec/2019 11:31:30] "POST /test HTTP/1.1" 200 -
2019-12-20 11:34:57,498 - backend.py - INFO - =============================================
2019-12-20 11:34:57,498 - backend.py - INFO - http://lwps.njupt.edu.cn的特征如下：
2019-12-20 11:34:57,499 - backend.py - INFO - [18  0  6  0 18  0 18  1  1  0  0  3  0  1  0  0  0  0  0]
2019-12-20 11:34:57,501 - backend.py - INFO - ================predicted====================
2019-12-20 11:34:57,501 - backend.py - INFO - http://lwps.njupt.edu.cn的预测结果是:
2019-12-20 11:34:57,502 - backend.py - INFO - [0]
2019-12-20 11:34:57,502 - backend.py - INFO - ==================over=======================
2019-12-20 11:34:57,502 - backend.py - INFO - =============================================
2019-12-20 11:34:57,503 - _internal.py - INFO - 127.0.0.1 - - [20/Dec/2019 11:34:57] "POST /test HTTP/1.1" 200 -
2019-12-20 11:35:21,115 - backend.py - INFO - =============================================
2019-12-20 11:35:21,116 - backend.py - INFO - http://jwxt.njupt.edu.cn的特征如下：
2019-12-20 11:35:21,117 - backend.py - INFO - [18  0  6  0  0  0  0  0  0  0  0  0  2  0  0  0  0  0  1]
2019-12-20 11:35:21,120 - backend.py - INFO - ================predicted====================
2019-12-20 11:35:21,120 - backend.py - INFO - http://jwxt.njupt.edu.cn的预测结果是:
2019-12-20 11:35:21,121 - backend.py - INFO - [0]
2019-12-20 11:35:21,121 - backend.py - INFO - ==================over=======================
2019-12-20 11:35:21,122 - backend.py - INFO - =============================================
2019-12-20 11:35:21,122 - _internal.py - INFO - 127.0.0.1 - - [20/Dec/2019 11:35:21] "POST /test HTTP/1.1" 200 -
2019-12-20 11:36:12,643 - backend.py - INFO - =============================================
2019-12-20 11:36:12,643 - backend.py - INFO - http://yjs.njupt.edu.cn的特征如下：
2019-12-20 11:36:12,644 - backend.py - INFO - [17  0  6  0  0  0  0  0  0  0 -1 -1 -1 -1 -1 -1 -1 -1 -1]
2019-12-20 11:36:12,646 - backend.py - INFO - ================predicted====================
2019-12-20 11:36:12,646 - backend.py - INFO - http://yjs.njupt.edu.cn的预测结果是:
2019-12-20 11:36:12,646 - backend.py - INFO - [1]
2019-12-20 11:36:12,647 - backend.py - INFO - ==================over=======================
2019-12-20 11:36:12,647 - backend.py - INFO - =============================================
2019-12-20 11:36:12,648 - _internal.py - INFO - 127.0.0.1 - - [20/Dec/2019 11:36:12] "POST /test HTTP/1.1" 200 -
2019-12-20 11:38:33,468 - backend.py - INFO - =============================================
2019-12-20 11:38:33,468 - backend.py - INFO - http://www.baidu.com的特征如下：
2019-12-20 11:38:33,469 - backend.py - INFO - [15.    0.    5.    0.   12.   13.   25.    0.48  2.    0.    0.    3.
 40.    3.    0.    0.    0.    0.    0.  ]
2019-12-20 11:38:33,471 - backend.py - INFO - ================predicted====================
2019-12-20 11:38:33,471 - backend.py - INFO - http://www.baidu.com的预测结果是:
2019-12-20 11:38:33,472 - backend.py - INFO - [0]
2019-12-20 11:38:33,472 - backend.py - INFO - ==================over=======================
2019-12-20 11:38:33,472 - backend.py - INFO - =============================================
2019-12-20 11:38:33,473 - _internal.py - INFO - 127.0.0.1 - - [20/Dec/2019 11:38:33] "POST /test HTTP/1.1" 200 -
2019-12-20 11:38:42,581 - backend.py - INFO - =============================================
2019-12-20 11:38:42,582 - backend.py - INFO - http://www.baidu.com的特征如下：
2019-12-20 11:38:42,582 - backend.py - INFO - [15  0  5  0  0  0  0  0  0  0  0  3 40  3  0  0  0  0  0]
2019-12-20 11:38:42,584 - backend.py - INFO - ================predicted====================
2019-12-20 11:38:42,585 - backend.py - INFO - http://www.baidu.com的预测结果是:
2019-12-20 11:38:42,585 - backend.py - INFO - [0]
2019-12-20 11:38:42,586 - backend.py - INFO - ==================over=======================
2019-12-20 11:38:42,586 - backend.py - INFO - =============================================
2019-12-20 11:38:42,587 - _internal.py - INFO - 127.0.0.1 - - [20/Dec/2019 11:38:42] "POST /test HTTP/1.1" 200 -
2019-12-20 11:38:44,388 - backend.py - INFO - =============================================
2019-12-20 11:38:44,389 - backend.py - INFO - http://www.baidu.com的特征如下：
2019-12-20 11:38:44,389 - backend.py - INFO - [15  0  5  0  0  0  0  0  0  0  0  3 40  3  0  0  0  0  0]
2019-12-20 11:38:44,391 - backend.py - INFO - ================predicted====================
2019-12-20 11:38:44,391 - backend.py - INFO - http://www.baidu.com的预测结果是:
2019-12-20 11:38:44,392 - backend.py - INFO - [0]
2019-12-20 11:38:44,392 - backend.py - INFO - ==================over=======================
2019-12-20 11:38:44,393 - backend.py - INFO - =============================================
2019-12-20 11:38:44,394 - _internal.py - INFO - 127.0.0.1 - - [20/Dec/2019 11:38:44] "POST /test HTTP/1.1" 200 -
2019-12-20 11:38:49,318 - backend.py - INFO - =============================================
2019-12-20 11:38:49,318 - backend.py - INFO - http://www.cnblogs.com的特征如下：
2019-12-20 11:38:49,319 - backend.py - INFO - [17.          0.          5.          0.         38.         28.
 66.          0.57575758 15.          7.          0.          0.
  0.          0.          0.          0.          0.          0.
  0.        ]
2019-12-20 11:38:49,321 - backend.py - INFO - ================predicted====================
2019-12-20 11:38:49,321 - backend.py - INFO - http://www.cnblogs.com的预测结果是:
2019-12-20 11:38:49,323 - backend.py - INFO - [0]
2019-12-20 11:38:49,324 - backend.py - INFO - ==================over=======================
2019-12-20 11:38:49,327 - backend.py - INFO - =============================================
2019-12-20 11:38:49,328 - _internal.py - INFO - 127.0.0.1 - - [20/Dec/2019 11:38:49] "POST /test HTTP/1.1" 200 -
2019-12-20 11:42:56,545 - backend.py - INFO - =============================================
2019-12-20 11:42:56,545 - backend.py - INFO - http://www.baidu.com的特征如下：
2019-12-20 11:42:56,546 - backend.py - INFO - [15.          0.          5.          0.          5.         17.
 22.          0.22727273  2.          0.          0.          3.
 40.          3.          0.          0.          0.          0.
  0.        ]
2019-12-20 11:42:56,550 - backend.py - INFO - ================predicted====================
2019-12-20 11:42:56,550 - backend.py - INFO - http://www.baidu.com的预测结果是:
2019-12-20 11:42:56,551 - backend.py - INFO - [0]
2019-12-20 11:42:56,551 - backend.py - INFO - ==================over=======================
2019-12-20 11:42:56,551 - backend.py - INFO - =============================================
2019-12-20 11:42:56,552 - _internal.py - INFO - 127.0.0.1 - - [20/Dec/2019 11:42:56] "POST /test HTTP/1.1" 200 -
2019-12-20 11:43:06,658 - backend.py - INFO - =============================================
2019-12-20 11:43:06,659 - backend.py - INFO - http://www.baidu.com的特征如下：
2019-12-20 11:43:06,660 - backend.py - INFO - [15.          0.          5.          0.          2.          9.
 11.          0.18181818  2.          0.          0.          3.
 40.          3.          0.          0.          0.          0.
  0.        ]
2019-12-20 11:43:06,675 - backend.py - INFO - ================predicted====================
2019-12-20 11:43:06,676 - backend.py - INFO - http://www.baidu.com的预测结果是:
2019-12-20 11:43:06,676 - backend.py - INFO - [0]
2019-12-20 11:43:06,677 - backend.py - INFO - ==================over=======================
2019-12-20 11:43:06,678 - backend.py - INFO - =============================================
2019-12-20 11:43:06,679 - _internal.py - INFO - 127.0.0.1 - - [20/Dec/2019 11:43:06] "POST /test HTTP/1.1" 200 -
2019-12-20 11:44:49,156 - backend.py - INFO - =============================================
2019-12-20 11:44:49,156 - backend.py - INFO - http://www.baidu.com的特征如下：
2019-12-20 11:44:49,157 - backend.py - INFO - [15.         0.         5.         0.         5.        18.
 23.         0.2173913  2.         0.         0.         3.
 40.         3.         0.         0.         0.         0.
  0.       ]
2019-12-20 11:44:49,160 - backend.py - INFO - ================predicted====================
2019-12-20 11:44:49,160 - backend.py - INFO - http://www.baidu.com的预测结果是:
2019-12-20 11:44:49,161 - backend.py - INFO - [0]
2019-12-20 11:44:49,161 - backend.py - INFO - ==================over=======================
2019-12-20 11:44:49,162 - backend.py - INFO - =============================================
2019-12-20 11:44:49,162 - _internal.py - INFO - 127.0.0.1 - - [20/Dec/2019 11:44:49] "POST /test HTTP/1.1" 200 -
2019-12-20 11:44:55,099 - backend.py - INFO - =============================================
2019-12-20 11:44:55,106 - backend.py - INFO - http://www.baidu.com的特征如下：
2019-12-20 11:44:55,109 - backend.py - INFO - [15  0  5  0  2  0  2  1  1  0  0  3 40  3  0  0  0  0  0]
2019-12-20 11:44:55,113 - backend.py - INFO - ================predicted====================
2019-12-20 11:44:55,114 - backend.py - INFO - http://www.baidu.com的预测结果是:
2019-12-20 11:44:55,116 - backend.py - INFO - [0]
2019-12-20 11:44:55,127 - backend.py - INFO - ==================over=======================
2019-12-20 11:44:55,131 - backend.py - INFO - =============================================
2019-12-20 11:44:55,134 - _internal.py - INFO - 127.0.0.1 - - [20/Dec/2019 11:44:55] "POST /test HTTP/1.1" 200 -
2019-12-20 11:45:17,777 - backend.py - INFO - =============================================
2019-12-20 11:45:17,777 - backend.py - INFO - http://www.baidu.com的特征如下：
2019-12-20 11:45:17,778 - backend.py - INFO - [15.          0.          5.          0.         14.         15.
 29.          0.48275862  4.          2.          0.          3.
 40.          3.          0.          0.          0.          0.
  0.        ]
2019-12-20 11:45:17,780 - backend.py - INFO - ================predicted====================
2019-12-20 11:45:17,780 - backend.py - INFO - http://www.baidu.com的预测结果是:
2019-12-20 11:45:17,781 - backend.py - INFO - [0]
2019-12-20 11:45:17,781 - backend.py - INFO - ==================over=======================
2019-12-20 11:45:17,782 - backend.py - INFO - =============================================
2019-12-20 11:45:17,782 - _internal.py - INFO - 127.0.0.1 - - [20/Dec/2019 11:45:17] "POST /test HTTP/1.1" 200 -
2019-12-20 11:45:20,492 - backend.py - INFO - =============================================
2019-12-20 11:45:20,492 - backend.py - INFO - http://www.baidu.com的特征如下：
2019-12-20 11:45:20,493 - backend.py - INFO - [15  0  5  0  0  0  0  0  0  0  0  3 40  3  0  0  0  0  0]
2019-12-20 11:45:20,495 - backend.py - INFO - ================predicted====================
2019-12-20 11:45:20,496 - backend.py - INFO - http://www.baidu.com的预测结果是:
2019-12-20 11:45:20,496 - backend.py - INFO - [0]
2019-12-20 11:45:20,496 - backend.py - INFO - ==================over=======================
2019-12-20 11:45:20,497 - backend.py - INFO - =============================================
2019-12-20 11:45:20,497 - _internal.py - INFO - 127.0.0.1 - - [20/Dec/2019 11:45:20] "POST /test HTTP/1.1" 200 -
2019-12-20 11:45:27,355 - backend.py - INFO - =============================================
2019-12-20 11:45:27,356 - backend.py - INFO - http://www.qq.com的特征如下：
2019-12-20 11:45:27,357 - backend.py - INFO - [12.          0.          5.          0.         45.         53.
 98.          0.45918367  3.          0.          0.          0.
  2.          0.          0.          0.          0.          0.
  1.        ]
2019-12-20 11:45:27,362 - backend.py - INFO - ================predicted====================
2019-12-20 11:45:27,366 - backend.py - INFO - http://www.qq.com的预测结果是:
2019-12-20 11:45:27,368 - backend.py - INFO - [0]
2019-12-20 11:45:27,370 - backend.py - INFO - ==================over=======================
2019-12-20 11:45:27,372 - backend.py - INFO - =============================================
2019-12-20 11:45:27,376 - _internal.py - INFO - 127.0.0.1 - - [20/Dec/2019 11:45:27] "POST /test HTTP/1.1" 200 -
2019-12-20 11:45:30,273 - backend.py - INFO - =============================================
2019-12-20 11:45:30,273 - backend.py - INFO - http://www.w3cschool.cn的特征如下：
2019-12-20 11:45:30,274 - backend.py - INFO - [17.          1.          5.          0.         63.          2.
 65.          0.96923077  3.          1.          0.          0.
  0.          0.          0.          0.          0.          0.
  0.        ]
2019-12-20 11:45:30,276 - backend.py - INFO - ================predicted====================
2019-12-20 11:45:30,276 - backend.py - INFO - http://www.w3cschool.cn的预测结果是:
2019-12-20 11:45:30,277 - backend.py - INFO - [0]
2019-12-20 11:45:30,277 - backend.py - INFO - ==================over=======================
2019-12-20 11:45:30,278 - backend.py - INFO - =============================================
2019-12-20 11:45:30,278 - _internal.py - INFO - 127.0.0.1 - - [20/Dec/2019 11:45:30] "POST /test HTTP/1.1" 200 -
2019-12-20 11:45:54,609 - backend.py - INFO - =============================================
2019-12-20 11:45:54,610 - backend.py - INFO - http://www.baidu.com的特征如下：
2019-12-20 11:45:54,610 - backend.py - INFO - [15.         0.         5.         0.         5.        18.
 23.         0.2173913  2.         0.         0.         3.
 40.         3.         0.         0.         0.         0.
  0.       ]
2019-12-20 11:45:54,613 - backend.py - INFO - ================predicted====================
2019-12-20 11:45:54,613 - backend.py - INFO - http://www.baidu.com的预测结果是:
2019-12-20 11:45:54,613 - backend.py - INFO - [0]
2019-12-20 11:45:54,614 - backend.py - INFO - ==================over=======================
2019-12-20 11:45:54,614 - backend.py - INFO - =============================================
2019-12-20 11:45:54,614 - _internal.py - INFO - 127.0.0.1 - - [20/Dec/2019 11:45:54] "POST /test HTTP/1.1" 200 -
2019-12-20 11:46:34,028 - backend.py - INFO - =============================================
2019-12-20 11:46:34,029 - backend.py - INFO - http://www.baidu.com的特征如下：
2019-12-20 11:46:34,030 - backend.py - INFO - [15.          0.          5.          0.          2.          9.
 11.          0.18181818  2.          0.          0.          3.
 40.          3.          0.          0.          0.          0.
  0.        ]
2019-12-20 11:46:34,033 - backend.py - INFO - ================predicted====================
2019-12-20 11:46:34,033 - backend.py - INFO - http://www.baidu.com的预测结果是:
2019-12-20 11:46:34,033 - backend.py - INFO - [0]
2019-12-20 11:46:34,034 - backend.py - INFO - ==================over=======================
2019-12-20 11:46:34,034 - backend.py - INFO - =============================================
2019-12-20 11:46:34,035 - _internal.py - INFO - 127.0.0.1 - - [20/Dec/2019 11:46:34] "POST /test HTTP/1.1" 200 -
2019-12-20 11:46:48,734 - backend.py - INFO - =============================================
2019-12-20 11:46:48,734 - backend.py - INFO - http://www.baidu.com的特征如下：
2019-12-20 11:46:48,735 - backend.py - INFO - [15.          0.          5.          0.          2.         10.
 12.          0.16666667  2.          0.          0.          3.
 40.          3.          0.          0.          0.          0.
  0.        ]
2019-12-20 11:46:48,737 - backend.py - INFO - ================predicted====================
2019-12-20 11:46:48,737 - backend.py - INFO - http://www.baidu.com的预测结果是:
2019-12-20 11:46:48,738 - backend.py - INFO - [0]
2019-12-20 11:46:48,738 - backend.py - INFO - ==================over=======================
2019-12-20 11:46:48,738 - backend.py - INFO - =============================================
2019-12-20 11:46:48,739 - _internal.py - INFO - 127.0.0.1 - - [20/Dec/2019 11:46:48] "POST /test HTTP/1.1" 200 -
2019-12-20 11:47:43,225 - backend.py - INFO - =============================================
2019-12-20 11:47:43,225 - backend.py - INFO - http://www.baidu.com的特征如下：
2019-12-20 11:47:43,226 - backend.py - INFO - [15.         0.         5.         0.         5.        18.
 23.         0.2173913  2.         0.         0.         3.
 40.         3.         0.         0.         0.         0.
  0.       ]
2019-12-20 11:47:43,228 - backend.py - INFO - ================predicted====================
2019-12-20 11:47:43,229 - backend.py - INFO - http://www.baidu.com的预测结果是:
2019-12-20 11:47:43,230 - backend.py - INFO - [0]
2019-12-20 11:47:43,231 - backend.py - INFO - ==================over=======================
2019-12-20 11:47:43,231 - backend.py - INFO - =============================================
2019-12-20 11:47:43,231 - _internal.py - INFO - 127.0.0.1 - - [20/Dec/2019 11:47:43] "POST /test HTTP/1.1" 200 -
2019-12-20 11:48:30,142 - backend.py - INFO - =============================================
2019-12-20 11:48:30,142 - backend.py - INFO - http://www.baidu.com的特征如下：
2019-12-20 11:48:30,143 - backend.py - INFO - [15.         0.         5.         0.         5.        18.
 23.         0.2173913  2.         0.         0.         3.
 40.         3.         0.         0.         0.         0.
  0.       ]
2019-12-20 11:48:30,146 - backend.py - INFO - ================predicted====================
2019-12-20 11:48:30,147 - backend.py - INFO - http://www.baidu.com的预测结果是:
2019-12-20 11:48:30,147 - backend.py - INFO - [0]
2019-12-20 11:48:30,147 - backend.py - INFO - ==================over=======================
2019-12-20 11:48:30,148 - backend.py - INFO - =============================================
2019-12-20 11:48:30,149 - _internal.py - INFO - 127.0.0.1 - - [20/Dec/2019 11:48:30] "POST /test HTTP/1.1" 200 -
2019-12-20 11:48:47,387 - backend.py - INFO - =============================================
2019-12-20 11:48:47,388 - backend.py - INFO - http://www.nowcoder.com的特征如下：
2019-12-20 11:48:47,388 - backend.py - INFO - [18.          0.          5.          0.         32.          1.
 33.          0.96969697  2.          0.          0.          0.
  0.          0.          0.          0.          0.          0.
  0.        ]
2019-12-20 11:48:47,390 - backend.py - INFO - ================predicted====================
2019-12-20 11:48:47,391 - backend.py - INFO - http://www.nowcoder.com的预测结果是:
2019-12-20 11:48:47,394 - backend.py - INFO - [0]
2019-12-20 11:48:47,394 - backend.py - INFO - ==================over=======================
2019-12-20 11:48:47,395 - backend.py - INFO - =============================================
2019-12-20 11:48:47,395 - _internal.py - INFO - 127.0.0.1 - - [20/Dec/2019 11:48:47] "POST /test HTTP/1.1" 200 -
2019-12-20 11:49:39,751 - backend.py - INFO - =============================================
2019-12-20 11:49:39,752 - backend.py - INFO - http://www.baidu.com的特征如下：
2019-12-20 11:49:39,752 - backend.py - INFO - [15  0  5  0  0  0  0  0  0  0  0  3 40  3  0  0  0  0  0]
2019-12-20 11:49:39,755 - backend.py - INFO - ================predicted====================
2019-12-20 11:49:39,756 - backend.py - INFO - http://www.baidu.com的预测结果是:
2019-12-20 11:49:39,756 - backend.py - INFO - [0]
2019-12-20 11:49:39,756 - backend.py - INFO - ==================over=======================
2019-12-20 11:49:39,757 - backend.py - INFO - =============================================
2019-12-20 11:49:39,757 - _internal.py - INFO - 127.0.0.1 - - [20/Dec/2019 11:49:39] "POST /test HTTP/1.1" 200 -
2019-12-20 11:49:45,066 - backend.py - INFO - =============================================
2019-12-20 11:49:45,073 - backend.py - INFO - http://cloud.tencent.com的特征如下：
2019-12-20 11:49:45,078 - backend.py - INFO - [19.          0.          5.          0.          6.         33.
 39.          0.15384615  6.          2.          0.          0.
  0.          0.          0.          0.          0.          0.
  0.        ]
2019-12-20 11:49:45,089 - backend.py - INFO - ================predicted====================
2019-12-20 11:49:45,093 - backend.py - INFO - http://cloud.tencent.com的预测结果是:
2019-12-20 11:49:45,094 - backend.py - INFO - [0]
2019-12-20 11:49:45,095 - backend.py - INFO - ==================over=======================
2019-12-20 11:49:45,102 - backend.py - INFO - =============================================
2019-12-20 11:49:45,102 - _internal.py - INFO - 127.0.0.1 - - [20/Dec/2019 11:49:45] "POST /test HTTP/1.1" 200 -
2019-12-20 11:49:48,721 - backend.py - INFO - =============================================
2019-12-20 11:49:48,722 - backend.py - INFO - http://cloud.tencent.com的特征如下：
2019-12-20 11:49:48,722 - backend.py - INFO - [19.    0.    5.    0.    9.   16.   25.    0.36  5.    2.    0.    0.
  0.    0.    0.    0.    0.    0.    0.  ]
2019-12-20 11:49:48,724 - backend.py - INFO - ================predicted====================
2019-12-20 11:49:48,725 - backend.py - INFO - http://cloud.tencent.com的预测结果是:
2019-12-20 11:49:48,725 - backend.py - INFO - [0]
2019-12-20 11:49:48,725 - backend.py - INFO - ==================over=======================
2019-12-20 11:49:48,726 - backend.py - INFO - =============================================
2019-12-20 11:49:48,726 - _internal.py - INFO - 127.0.0.1 - - [20/Dec/2019 11:49:48] "POST /test HTTP/1.1" 200 -
2019-12-20 11:50:30,228 - backend.py - INFO - =============================================
2019-12-20 11:50:30,229 - backend.py - INFO - http://www.baidu.com的特征如下：
2019-12-20 11:50:30,229 - backend.py - INFO - [15.   0.   5.   0.  10.  15.  25.   0.4  4.   2.   0.   3.  40.   3.
  0.   0.   0.   0.   0. ]
2019-12-20 11:50:30,232 - backend.py - INFO - ================predicted====================
2019-12-20 11:50:30,233 - backend.py - INFO - http://www.baidu.com的预测结果是:
2019-12-20 11:50:30,233 - backend.py - INFO - [0]
2019-12-20 11:50:30,233 - backend.py - INFO - ==================over=======================
2019-12-20 11:50:30,234 - backend.py - INFO - =============================================
2019-12-20 11:50:30,234 - _internal.py - INFO - 127.0.0.1 - - [20/Dec/2019 11:50:30] "POST /test HTTP/1.1" 200 -
2019-12-20 11:51:39,956 - backend.py - INFO - =============================================
2019-12-20 11:51:39,956 - backend.py - INFO - http://www.baidu.com的特征如下：
2019-12-20 11:51:39,957 - backend.py - INFO - [15.          0.          5.          0.          5.         16.
 21.          0.23809524  2.          0.          0.          3.
 40.          3.          0.          0.          0.          0.
  0.        ]
2019-12-20 11:51:39,959 - backend.py - INFO - ================predicted====================
2019-12-20 11:51:39,960 - backend.py - INFO - http://www.baidu.com的预测结果是:
2019-12-20 11:51:39,960 - backend.py - INFO - [0]
2019-12-20 11:51:39,960 - backend.py - INFO - ==================over=======================
2019-12-20 11:51:39,961 - backend.py - INFO - =============================================
2019-12-20 11:51:39,961 - _internal.py - INFO - 127.0.0.1 - - [20/Dec/2019 11:51:39] "POST /test HTTP/1.1" 200 -
2019-12-20 11:52:19,439 - backend.py - INFO - =============================================
2019-12-20 11:52:19,439 - backend.py - INFO - http://www.nowcoder.com的特征如下：
2019-12-20 11:52:19,440 - backend.py - INFO - [18.          0.          5.          0.         33.          2.
 35.          0.94285714  2.          0.          0.          0.
  1.          0.          0.          0.          0.          0.
  0.        ]
2019-12-20 11:52:19,444 - backend.py - INFO - ================predicted====================
2019-12-20 11:52:19,444 - backend.py - INFO - http://www.nowcoder.com的预测结果是:
2019-12-20 11:52:19,445 - backend.py - INFO - [0]
2019-12-20 11:52:19,446 - backend.py - INFO - ==================over=======================
2019-12-20 11:52:19,446 - backend.py - INFO - =============================================
2019-12-20 11:52:19,447 - _internal.py - INFO - 127.0.0.1 - - [20/Dec/2019 11:52:19] "POST /test HTTP/1.1" 200 -
2019-12-20 11:52:27,437 - backend.py - INFO - =============================================
2019-12-20 11:52:27,437 - backend.py - INFO - http://blog.csdn.net的特征如下：
2019-12-20 11:52:27,438 - backend.py - INFO - [15  0  5  0  0  0  0  0  0  0 10  0  0  0  0  0  0  0  0]
2019-12-20 11:52:27,440 - backend.py - INFO - ================predicted====================
2019-12-20 11:52:27,440 - backend.py - INFO - http://blog.csdn.net的预测结果是:
2019-12-20 11:52:27,441 - backend.py - INFO - [1]
2019-12-20 11:52:27,441 - backend.py - INFO - ==================over=======================
2019-12-20 11:52:27,442 - backend.py - INFO - =============================================
2019-12-20 11:52:27,442 - _internal.py - INFO - 127.0.0.1 - - [20/Dec/2019 11:52:27] "POST /test HTTP/1.1" 200 -
2019-12-20 11:53:13,463 - backend.py - INFO - =============================================
2019-12-20 11:53:13,464 - backend.py - INFO - http://www.baidu.com的特征如下：
2019-12-20 11:53:13,465 - backend.py - INFO - [15.          0.          5.          0.          2.          7.
  9.          0.22222222  2.          0.          0.          3.
 40.          3.          0.          0.          0.          0.
  0.        ]
2019-12-20 11:53:13,468 - backend.py - INFO - ================predicted====================
2019-12-20 11:53:13,468 - backend.py - INFO - http://www.baidu.com的预测结果是:
2019-12-20 11:53:13,469 - backend.py - INFO - [0]
2019-12-20 11:53:13,469 - backend.py - INFO - ==================over=======================
2019-12-20 11:53:13,469 - backend.py - INFO - =============================================
2019-12-20 11:53:13,470 - _internal.py - INFO - 127.0.0.1 - - [20/Dec/2019 11:53:13] "POST /test HTTP/1.1" 200 -
2019-12-20 11:53:27,397 - backend.py - INFO - =============================================
2019-12-20 11:53:27,398 - backend.py - INFO - http://blog.csdn.net的特征如下：
2019-12-20 11:53:27,400 - backend.py - INFO - [15.    0.    5.    0.    2.   23.   25.    0.08  5.    3.   10.    0.
  0.    0.    0.    0.    0.    0.    0.  ]
2019-12-20 11:53:27,404 - backend.py - INFO - ================predicted====================
2019-12-20 11:53:27,404 - backend.py - INFO - http://blog.csdn.net的预测结果是:
2019-12-20 11:53:27,404 - backend.py - INFO - [0]
2019-12-20 11:53:27,405 - backend.py - INFO - ==================over=======================
2019-12-20 11:53:27,405 - backend.py - INFO - =============================================
2019-12-20 11:53:27,406 - _internal.py - INFO - 127.0.0.1 - - [20/Dec/2019 11:53:27] "POST /test HTTP/1.1" 200 -
2019-12-20 11:53:57,315 - backend.py - INFO - =============================================
2019-12-20 11:53:57,316 - backend.py - INFO - http://www.baidu.com的特征如下：
2019-12-20 11:53:57,316 - backend.py - INFO - [15.          0.          5.          0.          2.         10.
 12.          0.16666667  2.          0.          0.          3.
 40.          3.          0.          0.          0.          0.
  0.        ]
2019-12-20 11:53:57,319 - backend.py - INFO - ================predicted====================
2019-12-20 11:53:57,319 - backend.py - INFO - http://www.baidu.com的预测结果是:
2019-12-20 11:53:57,319 - backend.py - INFO - [0]
2019-12-20 11:53:57,320 - backend.py - INFO - ==================over=======================
2019-12-20 11:53:57,320 - backend.py - INFO - =============================================
2019-12-20 11:53:57,321 - _internal.py - INFO - 127.0.0.1 - - [20/Dec/2019 11:53:57] "POST /test HTTP/1.1" 200 -
2019-12-20 11:54:48,037 - backend.py - INFO - =============================================
2019-12-20 11:54:48,037 - backend.py - INFO - http://www.nowcoder.com的特征如下：
2019-12-20 11:54:48,038 - backend.py - INFO - [18.          0.          5.          0.         11.          1.
 12.          0.91666667  3.          0.          0.          0.
  0.          0.          0.          0.          0.          0.
  0.        ]
2019-12-20 11:54:48,040 - backend.py - INFO - ================predicted====================
2019-12-20 11:54:48,041 - backend.py - INFO - http://www.nowcoder.com的预测结果是:
2019-12-20 11:54:48,041 - backend.py - INFO - [0]
2019-12-20 11:54:48,041 - backend.py - INFO - ==================over=======================
2019-12-20 11:54:48,042 - backend.py - INFO - =============================================
2019-12-20 11:54:48,042 - _internal.py - INFO - 127.0.0.1 - - [20/Dec/2019 11:54:48] "POST /test HTTP/1.1" 200 -
2019-12-20 12:12:05,676 - backend.py - INFO - =============================================
2019-12-20 12:12:05,677 - backend.py - INFO - http://www.baidu.com的特征如下：
2019-12-20 12:12:05,677 - backend.py - INFO - [15.         0.         5.         0.         5.        18.
 23.         0.2173913  2.         0.         0.         3.
 40.         3.         0.         0.         0.         0.
  0.       ]
2019-12-20 12:12:05,680 - backend.py - INFO - ================predicted====================
2019-12-20 12:12:05,681 - backend.py - INFO - http://www.baidu.com的预测结果是:
2019-12-20 12:12:05,681 - backend.py - INFO - [0]
2019-12-20 12:12:05,682 - backend.py - INFO - ==================over=======================
2019-12-20 12:12:05,682 - backend.py - INFO - =============================================
2019-12-20 12:12:05,683 - _internal.py - INFO - 127.0.0.1 - - [20/Dec/2019 12:12:05] "POST /test HTTP/1.1" 200 -
2019-12-20 12:12:56,915 - backend.py - INFO - =============================================
2019-12-20 12:12:56,916 - backend.py - INFO - http://extensions的特征如下：
2019-12-20 12:12:56,917 - backend.py - INFO - [14  0  3  0  0  0  0  0  0  0 -1 -1 -1 -1 -1 -1 -1 -1 -1]
2019-12-20 12:12:56,921 - backend.py - INFO - ================predicted====================
2019-12-20 12:12:56,922 - backend.py - INFO - http://extensions的预测结果是:
2019-12-20 12:12:56,923 - backend.py - INFO - [1]
2019-12-20 12:12:56,923 - backend.py - INFO - ==================over=======================
2019-12-20 12:12:56,925 - backend.py - INFO - =============================================
2019-12-20 12:12:56,925 - _internal.py - INFO - 127.0.0.1 - - [20/Dec/2019 12:12:56] "POST /test HTTP/1.1" 200 -
2019-12-20 12:13:45,887 - backend.py - INFO - =============================================
2019-12-20 12:13:45,888 - backend.py - INFO - http://www.baidu.com的特征如下：
2019-12-20 12:13:45,888 - backend.py - INFO - [15.         0.         5.         0.         5.        18.
 23.         0.2173913  2.         0.         0.         3.
 40.         3.         0.         0.         0.         0.
  0.       ]
2019-12-20 12:13:45,891 - backend.py - INFO - ================predicted====================
2019-12-20 12:13:45,891 - backend.py - INFO - http://www.baidu.com的预测结果是:
2019-12-20 12:13:45,892 - backend.py - INFO - [0]
2019-12-20 12:13:45,892 - backend.py - INFO - ==================over=======================
2019-12-20 12:13:45,893 - backend.py - INFO - =============================================
2019-12-20 12:13:45,893 - _internal.py - INFO - 127.0.0.1 - - [20/Dec/2019 12:13:45] "POST /test HTTP/1.1" 200 -
2019-12-20 12:21:54,080 - backend.py - INFO - =============================================
2019-12-20 12:21:54,081 - backend.py - INFO - http://www.baidu.com的特征如下：
2019-12-20 12:21:54,081 - backend.py - INFO - [15.         0.         5.         0.         5.        18.
 23.         0.2173913  2.         0.         0.         3.
 40.         3.         0.         0.         0.         0.
  0.       ]
2019-12-20 12:21:54,084 - backend.py - INFO - ================predicted====================
2019-12-20 12:21:54,085 - backend.py - INFO - http://www.baidu.com的预测结果是:
2019-12-20 12:21:54,085 - backend.py - INFO - [0]
2019-12-20 12:21:54,085 - backend.py - INFO - ==================over=======================
2019-12-20 12:21:54,086 - backend.py - INFO - =============================================
2019-12-20 12:21:54,087 - _internal.py - INFO - 127.0.0.1 - - [20/Dec/2019 12:21:54] "POST /test HTTP/1.1" 200 -
